#
# There is insufficient memory for the Java Runtime Environment to continue.
# Native memory allocation (malloc) failed to allocate 1048576 bytes. Error detail: AllocateHeap
# Possible reasons:
#   The system is out of physical RAM or swap space
#   This process is running with CompressedOops enabled, and the Java Heap may be blocking the growth of the native heap
# Possible solutions:
#   Reduce memory load on the system
#   Increase physical memory or swap space
#   Check if swap backing store is full
#   Decrease Java heap size (-Xmx/-Xms)
#   Decrease number of Java threads
#   Decrease Java thread stack sizes (-Xss)
#   Set larger code cache with -XX:ReservedCodeCacheSize=
#   JVM is running with Unscaled Compressed Oops mode in which the Java heap is
#     placed in the first 4GB address space. The Java Heap base address is the
#     maximum limit for the native heap growth. Please use -XX:HeapBaseMinAddress
#     to set the Java Heap base and to place the Java Heap above 4GB virtual address.
# This output file may be truncated or incomplete.
#
#  Out of Memory Error (allocation.cpp:44), pid=20044, tid=14444
#
# JRE version: OpenJDK Runtime Environment Temurin-21.0.8+9 (21.0.8+9) (build 21.0.8+9-LTS)
# Java VM: OpenJDK 64-Bit Server VM Temurin-21.0.8+9 (21.0.8+9-LTS, mixed mode, sharing, tiered, compressed oops, compressed class ptrs, parallel gc, windows-amd64)
# No core dump will be written. Minidumps are not enabled by default on client versions of Windows
#

---------------  S U M M A R Y ------------

Command Line: --add-modules=ALL-SYSTEM --add-opens=java.base/java.util=ALL-UNNAMED --add-opens=java.base/java.lang=ALL-UNNAMED --add-opens=java.base/sun.nio.fs=ALL-UNNAMED -Declipse.application=org.eclipse.jdt.ls.core.id1 -Dosgi.bundles.defaultStartLevel=4 -Declipse.product=org.eclipse.jdt.ls.core.product -Djava.import.generatesMetadataFilesAtProjectRoot=false -DDetectVMInstallationsJob.disabled=true -Dfile.encoding=utf8 -XX:+UseParallelGC -XX:GCTimeRatio=4 -XX:AdaptiveSizePolicyWeight=90 -Dsun.zip.disableMemoryMapping=true -Xmx2G -Xms100m -Xlog:disable -javaagent:c:\Users\saura\.vscode\extensions\redhat.java-1.46.0-win32-x64\lombok\lombok-1.18.39-4050.jar -XX:+HeapDumpOnOutOfMemoryError -XX:HeapDumpPath=c:\Users\saura\AppData\Roaming\Code\User\workspaceStorage\36f0117d754219c8c521f07f386cd919\redhat.java -Daether.dependencyCollector.impl=bf c:\Users\saura\.vscode\extensions\redhat.java-1.46.0-win32-x64\server\plugins\org.eclipse.equinox.launcher_1.7.0.v20250519-0528.jar -configuration c:\Users\saura\AppData\Roaming\Code\User\globalStorage\redhat.java\1.46.0\config_win -data c:\Users\saura\AppData\Roaming\Code\User\workspaceStorage\36f0117d754219c8c521f07f386cd919\redhat.java\jdt_ws --pipe=\\.\pipe\lsp-f121f99c111f90e21c5633345ce0accf-sock

Host: AMD Ryzen 5 5500U with Radeon Graphics         , 12 cores, 15G,  Windows 11 , 64 bit Build 26100 (10.0.26100.6725)
Time: Thu Oct 30 19:44:56 2025 India Standard Time elapsed time: 4630.914522 seconds (0d 1h 17m 10s)

---------------  T H R E A D  ---------------

Current thread (0x0000016632d89cd0):  JavaThread "Attach Listener" daemon [_thread_in_vm, id=14444, stack(0x00000043c0f00000,0x00000043c1000000) (1024K)]

Stack: [0x00000043c0f00000,0x00000043c1000000]
Native frames: (J=compiled Java code, j=interpreted, Vv=VM code, C=native code)
V  [jvm.dll+0x6d2449]
V  [jvm.dll+0x8ae341]
V  [jvm.dll+0x8b08be]
V  [jvm.dll+0x8b0fa3]
V  [jvm.dll+0x280c96]
V  [jvm.dll+0xc0347]
V  [jvm.dll+0x6d2cf9]
V  [jvm.dll+0x131116]
V  [jvm.dll+0x3f2d16]
V  [jvm.dll+0x857e6b]
V  [jvm.dll+0x6d0b0d]
C  [ucrtbase.dll+0x37b0]
C  [KERNEL32.DLL+0x2e8d7]
C  [ntdll.dll+0x8c53c]


---------------  P R O C E S S  ---------------

Threads class SMR info:
_java_thread_list=0x0000016691198a50, length=45, elements={
0x000001663091ba30, 0x0000016632d843b0, 0x0000016632d85a70, 0x0000016632d88e20,
0x0000016632d89cd0, 0x0000016632d8cbe0, 0x0000016632d8d630, 0x0000016632d8e460,
0x0000016632d9c060, 0x000001668bbb4730, 0x0000016691038070, 0x00000166914d0ab0,
0x00000166917e1a70, 0x000001669186e760, 0x0000016691a65760, 0x0000016691d534b0,
0x00000166922591f0, 0x0000016691bda9c0, 0x0000016691bd9ca0, 0x0000016691bda330,
0x0000016691bd9610, 0x0000016691d66430, 0x0000016691d649f0, 0x0000016691d67150,
0x0000016691d64360, 0x0000016691d677e0, 0x0000016691d67e70, 0x0000016691d65da0,
0x0000016691d68500, 0x0000016691d65080, 0x0000016691d66ac0, 0x0000016691d68b90,
0x0000016691d65710, 0x0000016691d69f40, 0x0000016691d6a5d0, 0x0000016691d6ac60,
0x000001669318ce10, 0x0000016693188c70, 0x0000016693189300, 0x0000016693189990,
0x0000016693186510, 0x0000016693186ba0, 0x000001669318d4a0, 0x000001669676a4e0,
0x000001669676b890
}

Java Threads: ( => current thread )
  0x000001663091ba30 JavaThread "main"                              [_thread_blocked, id=18800, stack(0x00000043c0800000,0x00000043c0900000) (1024K)]
  0x0000016632d843b0 JavaThread "Reference Handler"          daemon [_thread_blocked, id=3996, stack(0x00000043c0c00000,0x00000043c0d00000) (1024K)]
  0x0000016632d85a70 JavaThread "Finalizer"                  daemon [_thread_blocked, id=21832, stack(0x00000043c0d00000,0x00000043c0e00000) (1024K)]
  0x0000016632d88e20 JavaThread "Signal Dispatcher"          daemon [_thread_blocked, id=26496, stack(0x00000043c0e00000,0x00000043c0f00000) (1024K)]
=>0x0000016632d89cd0 JavaThread "Attach Listener"            daemon [_thread_in_vm, id=14444, stack(0x00000043c0f00000,0x00000043c1000000) (1024K)]
  0x0000016632d8cbe0 JavaThread "Service Thread"             daemon [_thread_blocked, id=14704, stack(0x00000043c1000000,0x00000043c1100000) (1024K)]
  0x0000016632d8d630 JavaThread "Monitor Deflation Thread"   daemon [_thread_blocked, id=15420, stack(0x00000043c1100000,0x00000043c1200000) (1024K)]
  0x0000016632d8e460 JavaThread "C2 CompilerThread0"         daemon [_thread_blocked, id=19828, stack(0x00000043c1200000,0x00000043c1300000) (1024K)]
  0x0000016632d9c060 JavaThread "C1 CompilerThread0"         daemon [_thread_blocked, id=2372, stack(0x00000043c1300000,0x00000043c1400000) (1024K)]
  0x000001668bbb4730 JavaThread "Common-Cleaner"             daemon [_thread_blocked, id=23256, stack(0x00000043c1400000,0x00000043c1500000) (1024K)]
  0x0000016691038070 JavaThread "Notification Thread"        daemon [_thread_blocked, id=19936, stack(0x00000043c1600000,0x00000043c1700000) (1024K)]
  0x00000166914d0ab0 JavaThread "Active Thread: Equinox Container: 5492525b-415f-4e15-af6e-ea1ae2dac3ba"        [_thread_blocked, id=8356, stack(0x00000043c1e00000,0x00000043c1f00000) (1024K)]
  0x00000166917e1a70 JavaThread "Refresh Thread: Equinox Container: 5492525b-415f-4e15-af6e-ea1ae2dac3ba" daemon [_thread_blocked, id=17012, stack(0x00000043c2000000,0x00000043c2100000) (1024K)]
  0x000001669186e760 JavaThread "Framework Event Dispatcher: Equinox Container: 5492525b-415f-4e15-af6e-ea1ae2dac3ba" daemon [_thread_blocked, id=25700, stack(0x00000043c2100000,0x00000043c2200000) (1024K)]
  0x0000016691a65760 JavaThread "Start Level: Equinox Container: 5492525b-415f-4e15-af6e-ea1ae2dac3ba" daemon [_thread_blocked, id=26188, stack(0x00000043c2200000,0x00000043c2300000) (1024K)]
  0x0000016691d534b0 JavaThread "Bundle File Closer"         daemon [_thread_blocked, id=13184, stack(0x00000043c2500000,0x00000043c2600000) (1024K)]
  0x00000166922591f0 JavaThread "SCR Component Actor"        daemon [_thread_blocked, id=24240, stack(0x00000043c2600000,0x00000043c2700000) (1024K)]
  0x0000016691bda9c0 JavaThread "Worker-JM"                         [_thread_blocked, id=4344, stack(0x00000043c2700000,0x00000043c2800000) (1024K)]
  0x0000016691bd9ca0 JavaThread "JNA Cleaner"                daemon [_thread_blocked, id=1976, stack(0x00000043c1700000,0x00000043c1800000) (1024K)]
  0x0000016691bda330 JavaThread "Java indexing"              daemon [_thread_blocked, id=25716, stack(0x00000043c2a00000,0x00000043c2b00000) (1024K)]
  0x0000016691bd9610 JavaThread "Thread-1"                   daemon [_thread_in_native, id=14448, stack(0x00000043c3000000,0x00000043c3100000) (1024K)]
  0x0000016691d66430 JavaThread "Thread-2"                   daemon [_thread_in_native, id=14632, stack(0x00000043c3100000,0x00000043c3200000) (1024K)]
  0x0000016691d649f0 JavaThread "Thread-3"                   daemon [_thread_in_native, id=26192, stack(0x00000043c3200000,0x00000043c3300000) (1024K)]
  0x0000016691d67150 JavaThread "Thread-4"                   daemon [_thread_in_native, id=9856, stack(0x00000043c3300000,0x00000043c3400000) (1024K)]
  0x0000016691d64360 JavaThread "Thread-5"                   daemon [_thread_in_native, id=9484, stack(0x00000043c3400000,0x00000043c3500000) (1024K)]
  0x0000016691d677e0 JavaThread "Thread-6"                   daemon [_thread_in_native, id=20692, stack(0x00000043c3500000,0x00000043c3600000) (1024K)]
  0x0000016691d67e70 JavaThread "Thread-7"                   daemon [_thread_in_native, id=22220, stack(0x00000043c3600000,0x00000043c3700000) (1024K)]
  0x0000016691d65da0 JavaThread "Thread-8"                   daemon [_thread_in_native, id=11624, stack(0x00000043c3700000,0x00000043c3800000) (1024K)]
  0x0000016691d68500 JavaThread "Thread-9"                   daemon [_thread_in_native, id=9780, stack(0x00000043c3800000,0x00000043c3900000) (1024K)]
  0x0000016691d65080 JavaThread "Thread-10"                  daemon [_thread_in_native, id=25108, stack(0x00000043c3900000,0x00000043c3a00000) (1024K)]
  0x0000016691d66ac0 JavaThread "Thread-11"                  daemon [_thread_in_native, id=11848, stack(0x00000043c3a00000,0x00000043c3b00000) (1024K)]
  0x0000016691d68b90 JavaThread "Thread-12"                  daemon [_thread_in_native, id=16868, stack(0x00000043c3b00000,0x00000043c3c00000) (1024K)]
  0x0000016691d65710 JavaThread "Thread-13"                  daemon [_thread_in_native, id=21620, stack(0x00000043c3c00000,0x00000043c3d00000) (1024K)]
  0x0000016691d69f40 JavaThread "pool-2-thread-1"                   [_thread_blocked, id=22224, stack(0x00000043c3d00000,0x00000043c3e00000) (1024K)]
  0x0000016691d6a5d0 JavaThread "WorkspaceEventsHandler"            [_thread_blocked, id=26236, stack(0x00000043c3f00000,0x00000043c4000000) (1024K)]
  0x0000016691d6ac60 JavaThread "pool-1-thread-1"                   [_thread_blocked, id=2444, stack(0x00000043c4000000,0x00000043c4100000) (1024K)]
  0x000001669318ce10 JavaThread "Cleaner-0"                  daemon [_thread_blocked, id=5932, stack(0x00000043c4e00000,0x00000043c4f00000) (1024K)]
  0x0000016693188c70 JavaThread "Java Debug Server"          daemon [_thread_in_native, id=12296, stack(0x00000043c0500000,0x00000043c0600000) (1024K)]
  0x0000016693189300 JavaThread "pool-4-thread-1"                   [_thread_in_native, id=11856, stack(0x00000043c0600000,0x00000043c0700000) (1024K)]
  0x0000016693189990 JavaThread "RxSchedulerPurge-1"         daemon [_thread_blocked, id=24620, stack(0x00000043c0700000,0x00000043c0800000) (1024K)]
  0x0000016693186510 JavaThread "RxCachedWorkerPoolEvictor-1" daemon [_thread_blocked, id=13476, stack(0x00000043c1500000,0x00000043c1600000) (1024K)]
  0x0000016693186ba0 JavaThread "RxNewThreadScheduler-1"     daemon [_thread_blocked, id=24492, stack(0x00000043c2800000,0x00000043c2900000) (1024K)]
  0x000001669318d4a0 JavaThread "process reaper (pid 4544)"  daemon [_thread_in_native, id=12420, stack(0x00000043c0180000,0x00000043c01a0000) (128K)]
  0x000001669676a4e0 JavaThread "Worker-10"                         [_thread_blocked, id=1984, stack(0x00000043c2e00000,0x00000043c2f00000) (1024K)]
  0x000001669676b890 JavaThread "Worker-11"                         [_thread_blocked, id=18088, stack(0x00000043c2900000,0x00000043c2a00000) (1024K)]
Total: 45

Other Threads:
  0x00000166308f1a60 VMThread "VM Thread"                           [id=5984, stack(0x00000043c0b00000,0x00000043c0c00000) (1024K)]
  0x000001664965ca00 WatcherThread "VM Periodic Task Thread"        [id=11916, stack(0x00000043c0a00000,0x00000043c0b00000) (1024K)]
  0x00000166308f1e00 WorkerThread "GC Thread#0"                     [id=20732, stack(0x00000043c0900000,0x00000043c0a00000) (1024K)]
  0x00000166308f16c0 WorkerThread "GC Thread#1"                     [id=25184, stack(0x00000043c1800000,0x00000043c1900000) (1024K)]
  0x00000166308f0be0 WorkerThread "GC Thread#2"                     [id=13568, stack(0x00000043c1900000,0x00000043c1a00000) (1024K)]
  0x00000166914cd440 WorkerThread "GC Thread#3"                     [id=12508, stack(0x00000043c1a00000,0x00000043c1b00000) (1024K)]
  0x00000166914cc960 WorkerThread "GC Thread#4"                     [id=2248, stack(0x00000043c1b00000,0x00000043c1c00000) (1024K)]
  0x00000166914ccd00 WorkerThread "GC Thread#5"                     [id=9392, stack(0x00000043c1c00000,0x00000043c1d00000) (1024K)]
  0x00000166914cd7e0 WorkerThread "GC Thread#6"                     [id=8716, stack(0x00000043c1d00000,0x00000043c1e00000) (1024K)]
  0x00000166914cdb80 WorkerThread "GC Thread#7"                     [id=11908, stack(0x00000043c1f00000,0x00000043c2000000) (1024K)]
  0x00000166914cdf20 WorkerThread "GC Thread#8"                     [id=20152, stack(0x00000043c2300000,0x00000043c2400000) (1024K)]
  0x00000166914cf140 WorkerThread "GC Thread#9"                     [id=1336, stack(0x00000043c2400000,0x00000043c2500000) (1024K)]
Total: 12

Threads with active compile tasks:
Total: 0

VM state: not at safepoint (normal execution)

VM Mutex/Monitor currently owned by a thread: None

Heap address: 0x0000000080000000, size: 2048 MB, Compressed Oops mode: 32-bit

CDS archive(s) mapped at: [0x000001664a000000-0x000001664aba0000-0x000001664aba0000), size 12189696, SharedBaseAddress: 0x000001664a000000, ArchiveRelocationMode: 1.
Compressed class space mapped at: 0x000001664b000000-0x000001668b000000, reserved size: 1073741824
Narrow klass base: 0x000001664a000000, Narrow klass shift: 0, Narrow klass range: 0x100000000

GC Precious Log:
 CardTable entry size: 512
 CPUs: 12 total, 12 available
 Memory: 15693M
 Large Page Support: Disabled
 NUMA Support: Disabled
 Compressed Oops: Enabled (32-bit)
 Alignments: Space 512K, Generation 512K, Heap 2M
 Heap Min Capacity: 100M
 Heap Initial Capacity: 100M
 Heap Max Capacity: 2G
 Pre-touch: Disabled
 Parallel Workers: 10

Heap:
 PSYoungGen      total 6656K, used 3014K [0x00000000d5580000, 0x00000000d6000000, 0x0000000100000000)
  eden space 6144K, 45% used [0x00000000d5580000,0x00000000d5841990,0x00000000d5b80000)
  from space 512K, 37% used [0x00000000d5f80000,0x00000000d5fb0000,0x00000000d6000000)
  to   space 1024K, 0% used [0x00000000d5e00000,0x00000000d5e00000,0x00000000d5f00000)
 ParOldGen       total 259072K, used 218190K [0x0000000080000000, 0x000000008fd00000, 0x00000000d5580000)
  object space 259072K, 84% used [0x0000000080000000,0x000000008d513bd8,0x000000008fd00000)
 Metaspace       used 80979K, committed 82688K, reserved 1179648K
  class space    used 8484K, committed 9344K, reserved 1048576K

Card table byte_map: [0x0000016632680000,0x0000016632a90000] _byte_map_base: 0x0000016632280000

Marking Bits: (ParMarkBitMap*) 0x00007ffed5c8a340
 Begin Bits: [0x0000016645180000, 0x0000016647180000)
 End Bits:   [0x0000016647180000, 0x0000016649180000)

Polling page: 0x0000016630b80000

Metaspace:

Usage:
  Non-class:     70.80 MB used.
      Class:      8.29 MB used.
       Both:     79.08 MB used.

Virtual space:
  Non-class space:      128.00 MB reserved,      71.62 MB ( 56%) committed,  2 nodes.
      Class space:        1.00 GB reserved,       9.12 MB ( <1%) committed,  1 nodes.
             Both:        1.12 GB reserved,      80.75 MB (  7%) committed. 

Chunk freelists:
   Non-Class:  8.33 MB
       Class:  7.09 MB
        Both:  15.43 MB

MaxMetaspaceSize: unlimited
CompressedClassSpaceSize: 1.00 GB
Initial GC threshold: 21.00 MB
Current GC threshold: 133.75 MB
CDS: on
 - commit_granule_bytes: 65536.
 - commit_granule_words: 8192.
 - virtual_space_node_default_size: 8388608.
 - enlarge_chunks_in_place: 1.
 - use_allocation_guard: 0.


Internal statistics:

num_allocs_failed_limit: 9.
num_arena_births: 1564.
num_arena_deaths: 414.
num_vsnodes_births: 3.
num_vsnodes_deaths: 0.
num_space_committed: 1292.
num_space_uncommitted: 0.
num_chunks_returned_to_freelist: 509.
num_chunks_taken_from_freelist: 5420.
num_chunk_merges: 148.
num_chunk_splits: 3205.
num_chunks_enlarged: 1777.
num_inconsistent_stats: 0.

CodeHeap 'non-profiled nmethods': size=120000Kb used=13741Kb max_used=13741Kb free=106258Kb
 bounds [0x000001663d9a0000, 0x000001663e710000, 0x0000016644ed0000]
CodeHeap 'profiled nmethods': size=120000Kb used=37107Kb max_used=37107Kb free=82892Kb
 bounds [0x0000016635ed0000, 0x0000016638310000, 0x000001663d400000]
CodeHeap 'non-nmethods': size=5760Kb used=1523Kb max_used=1595Kb free=4236Kb
 bounds [0x000001663d400000, 0x000001663d670000, 0x000001663d9a0000]
CodeCache: size=245760Kb, used=52371Kb, max_used=52443Kb, free=193386Kb
 total_blobs=16326, nmethods=15486, adapters=744, full_count=0
Compilation: enabled, stopped_count=0, restarted_count=0

Compilation events (20 events):
Event: 3194.722 Thread 0x0000016632d8e460 16986   !   4       java.util.concurrent.locks.AbstractQueuedSynchronizer::acquire (424 bytes)
Event: 3194.735 Thread 0x0000016632d8e460 nmethod 16986 0x000001663e708190 code [0x000001663e708420, 0x000001663e709370]
Event: 3222.728 Thread 0x0000016632d8e460 16987       4       java.util.concurrent.locks.AbstractQueuedSynchronizer$Node::getAndUnsetStatus (14 bytes)
Event: 3222.729 Thread 0x0000016632d8e460 nmethod 16987 0x000001663e709e10 code [0x000001663e709fa0, 0x000001663e70a070]
Event: 3472.735 Thread 0x0000016632d8e460 16988       4       java.util.concurrent.locks.AbstractQueuedSynchronizer$Node::clearStatus (12 bytes)
Event: 3472.736 Thread 0x0000016632d8e460 nmethod 16988 0x000001663e70a110 code [0x000001663e70a2a0, 0x000001663e70a330]
Event: 3512.090 Thread 0x0000016632d9c060 16989       1       org.eclipse.osgi.internal.location.BasicLocation::isReadOnly (5 bytes)
Event: 3512.090 Thread 0x0000016632d9c060 nmethod 16989 0x000001663e70a410 code [0x000001663e70a5a0, 0x000001663e70a670]
Event: 3516.726 Thread 0x0000016632d8e460 16990   !   4       java.util.concurrent.locks.AbstractQueuedSynchronizer::tryInitializeHead (66 bytes)
Event: 3516.729 Thread 0x0000016632d8e460 nmethod 16990 0x000001663e70a710 code [0x000001663e70a8a0, 0x000001663e70aa58]
Event: 3749.482 Thread 0x0000016632d8e460 16991       4       jdk.internal.misc.InnocuousThread::eraseThreadLocals (23 bytes)
Event: 3749.482 Thread 0x0000016632d8e460 nmethod 16991 0x000001663e70ab90 code [0x000001663e70ad20, 0x000001663e70adb0]
Event: 3845.184 Thread 0x0000016632d9c060 16992       1       com.sun.jna.internal.Cleaner::access$200 (5 bytes)
Event: 3845.184 Thread 0x0000016632d9c060 nmethod 16992 0x000001663e70ae90 code [0x000001663e70b020, 0x000001663e70b0d0]
Event: 3917.097 Thread 0x0000016632d9c060 16993       3       java.lang.ProcessHandleImpl::get (51 bytes)
Event: 3917.098 Thread 0x0000016632d9c060 nmethod 16993 0x000001663830c710 code [0x000001663830c920, 0x000001663830cf28]
Event: 3917.098 Thread 0x0000016632d9c060 16994       3       java.lang.ProcessHandleImpl::isAlive (44 bytes)
Event: 3917.098 Thread 0x0000016632d9c060 nmethod 16994 0x000001663830d190 code [0x000001663830d340, 0x000001663830d5a0]
Event: 4592.729 Thread 0x0000016632d8e460 16995   !   4       java.util.concurrent.locks.LockSupport::parkNanos (56 bytes)
Event: 4592.731 Thread 0x0000016632d8e460 nmethod 16995 0x000001663e70b190 code [0x000001663e70b340, 0x000001663e70b4b8]

GC Heap History (20 events):
Event: 2738.335 GC heap before
{Heap before GC invocations=393 (full 4):
 PSYoungGen      total 10752K, used 10282K [0x00000000d5580000, 0x00000000d6180000, 0x0000000100000000)
  eden space 9728K, 100% used [0x00000000d5580000,0x00000000d5f00000,0x00000000d5f00000)
  from space 1024K, 54% used [0x00000000d6080000,0x00000000d610a910,0x00000000d6180000)
  to   space 1024K, 0% used [0x00000000d5f00000,0x00000000d5f00000,0x00000000d6000000)
 ParOldGen       total 259072K, used 208684K [0x0000000080000000, 0x000000008fd00000, 0x00000000d5580000)
  object space 259072K, 80% used [0x0000000080000000,0x000000008cbcb070,0x000000008fd00000)
 Metaspace       used 80912K, committed 82624K, reserved 1179648K
  class space    used 8484K, committed 9344K, reserved 1048576K
}
Event: 2738.337 GC heap after
{Heap after GC invocations=393 (full 4):
 PSYoungGen      total 10752K, used 538K [0x00000000d5580000, 0x00000000d6100000, 0x0000000100000000)
  eden space 9728K, 0% used [0x00000000d5580000,0x00000000d5580000,0x00000000d5f00000)
  from space 1024K, 52% used [0x00000000d5f00000,0x00000000d5f86900,0x00000000d6000000)
  to   space 1024K, 0% used [0x00000000d6000000,0x00000000d6000000,0x00000000d6100000)
 ParOldGen       total 259072K, used 208732K [0x0000000080000000, 0x000000008fd00000, 0x00000000d5580000)
  object space 259072K, 80% used [0x0000000080000000,0x000000008cbd7070,0x000000008fd00000)
 Metaspace       used 80912K, committed 82624K, reserved 1179648K
  class space    used 8484K, committed 9344K, reserved 1048576K
}
Event: 2738.369 GC heap before
{Heap before GC invocations=394 (full 4):
 PSYoungGen      total 10752K, used 10266K [0x00000000d5580000, 0x00000000d6100000, 0x0000000100000000)
  eden space 9728K, 100% used [0x00000000d5580000,0x00000000d5f00000,0x00000000d5f00000)
  from space 1024K, 52% used [0x00000000d5f00000,0x00000000d5f86900,0x00000000d6000000)
  to   space 1024K, 0% used [0x00000000d6000000,0x00000000d6000000,0x00000000d6100000)
 ParOldGen       total 259072K, used 208732K [0x0000000080000000, 0x000000008fd00000, 0x00000000d5580000)
  object space 259072K, 80% used [0x0000000080000000,0x000000008cbd7070,0x000000008fd00000)
 Metaspace       used 80944K, committed 82688K, reserved 1179648K
  class space    used 8484K, committed 9344K, reserved 1048576K
}
Event: 2738.374 GC heap after
{Heap after GC invocations=394 (full 4):
 PSYoungGen      total 8704K, used 993K [0x00000000d5580000, 0x00000000d6500000, 0x0000000100000000)
  eden space 7680K, 0% used [0x00000000d5580000,0x00000000d5580000,0x00000000d5d00000)
  from space 1024K, 97% used [0x00000000d6000000,0x00000000d60f8608,0x00000000d6100000)
  to   space 3072K, 0% used [0x00000000d5d00000,0x00000000d5d00000,0x00000000d6000000)
 ParOldGen       total 259072K, used 210318K [0x0000000080000000, 0x000000008fd00000, 0x00000000d5580000)
  object space 259072K, 81% used [0x0000000080000000,0x000000008cd638c8,0x000000008fd00000)
 Metaspace       used 80944K, committed 82688K, reserved 1179648K
  class space    used 8484K, committed 9344K, reserved 1048576K
}
Event: 2738.428 GC heap before
{Heap before GC invocations=395 (full 4):
 PSYoungGen      total 8704K, used 8673K [0x00000000d5580000, 0x00000000d6500000, 0x0000000100000000)
  eden space 7680K, 100% used [0x00000000d5580000,0x00000000d5d00000,0x00000000d5d00000)
  from space 1024K, 97% used [0x00000000d6000000,0x00000000d60f8608,0x00000000d6100000)
  to   space 3072K, 0% used [0x00000000d5d00000,0x00000000d5d00000,0x00000000d6000000)
 ParOldGen       total 259072K, used 210318K [0x0000000080000000, 0x000000008fd00000, 0x00000000d5580000)
  object space 259072K, 81% used [0x0000000080000000,0x000000008cd638c8,0x000000008fd00000)
 Metaspace       used 80948K, committed 82688K, reserved 1179648K
  class space    used 8484K, committed 9344K, reserved 1048576K
}
Event: 2738.432 GC heap after
{Heap after GC invocations=395 (full 4):
 PSYoungGen      total 9216K, used 1140K [0x00000000d5580000, 0x00000000d6100000, 0x0000000100000000)
  eden space 7680K, 0% used [0x00000000d5580000,0x00000000d5580000,0x00000000d5d00000)
  from space 1536K, 74% used [0x00000000d5d00000,0x00000000d5e1d200,0x00000000d5e80000)
  to   space 2048K, 0% used [0x00000000d5f00000,0x00000000d5f00000,0x00000000d6100000)
 ParOldGen       total 259072K, used 210818K [0x0000000080000000, 0x000000008fd00000, 0x00000000d5580000)
  object space 259072K, 81% used [0x0000000080000000,0x000000008cde08d8,0x000000008fd00000)
 Metaspace       used 80948K, committed 82688K, reserved 1179648K
  class space    used 8484K, committed 9344K, reserved 1048576K
}
Event: 2738.457 GC heap before
{Heap before GC invocations=396 (full 4):
 PSYoungGen      total 9216K, used 8820K [0x00000000d5580000, 0x00000000d6100000, 0x0000000100000000)
  eden space 7680K, 100% used [0x00000000d5580000,0x00000000d5d00000,0x00000000d5d00000)
  from space 1536K, 74% used [0x00000000d5d00000,0x00000000d5e1d200,0x00000000d5e80000)
  to   space 2048K, 0% used [0x00000000d5f00000,0x00000000d5f00000,0x00000000d6100000)
 ParOldGen       total 259072K, used 210818K [0x0000000080000000, 0x000000008fd00000, 0x00000000d5580000)
  object space 259072K, 81% used [0x0000000080000000,0x000000008cde08d8,0x000000008fd00000)
 Metaspace       used 80949K, committed 82688K, reserved 1179648K
  class space    used 8484K, committed 9344K, reserved 1048576K
}
Event: 2738.460 GC heap after
{Heap after GC invocations=396 (full 4):
 PSYoungGen      total 8192K, used 2019K [0x00000000d5580000, 0x00000000d6400000, 0x0000000100000000)
  eden space 6144K, 0% used [0x00000000d5580000,0x00000000d5580000,0x00000000d5b80000)
  from space 2048K, 98% used [0x00000000d5f00000,0x00000000d60f8c10,0x00000000d6100000)
  to   space 3584K, 0% used [0x00000000d5b80000,0x00000000d5b80000,0x00000000d5f00000)
 ParOldGen       total 259072K, used 211882K [0x0000000080000000, 0x000000008fd00000, 0x00000000d5580000)
  object space 259072K, 81% used [0x0000000080000000,0x000000008ceeaaf8,0x000000008fd00000)
 Metaspace       used 80949K, committed 82688K, reserved 1179648K
  class space    used 8484K, committed 9344K, reserved 1048576K
}
Event: 2739.130 GC heap before
{Heap before GC invocations=397 (full 4):
 PSYoungGen      total 8192K, used 8163K [0x00000000d5580000, 0x00000000d6400000, 0x0000000100000000)
  eden space 6144K, 100% used [0x00000000d5580000,0x00000000d5b80000,0x00000000d5b80000)
  from space 2048K, 98% used [0x00000000d5f00000,0x00000000d60f8c10,0x00000000d6100000)
  to   space 3584K, 0% used [0x00000000d5b80000,0x00000000d5b80000,0x00000000d5f00000)
 ParOldGen       total 259072K, used 211882K [0x0000000080000000, 0x000000008fd00000, 0x00000000d5580000)
  object space 259072K, 81% used [0x0000000080000000,0x000000008ceeaaf8,0x000000008fd00000)
 Metaspace       used 80959K, committed 82688K, reserved 1179648K
  class space    used 8484K, committed 9344K, reserved 1048576K
}
Event: 2739.133 GC heap after
{Heap after GC invocations=397 (full 4):
 PSYoungGen      total 6656K, used 500K [0x00000000d5580000, 0x00000000d5f80000, 0x0000000100000000)
  eden space 6144K, 0% used [0x00000000d5580000,0x00000000d5580000,0x00000000d5b80000)
  from space 512K, 97% used [0x00000000d5b80000,0x00000000d5bfd200,0x00000000d5c00000)
  to   space 1536K, 0% used [0x00000000d5e00000,0x00000000d5e00000,0x00000000d5f80000)
 ParOldGen       total 259072K, used 212354K [0x0000000080000000, 0x000000008fd00000, 0x00000000d5580000)
  object space 259072K, 81% used [0x0000000080000000,0x000000008cf60b08,0x000000008fd00000)
 Metaspace       used 80959K, committed 82688K, reserved 1179648K
  class space    used 8484K, committed 9344K, reserved 1048576K
}
Event: 2739.174 GC heap before
{Heap before GC invocations=398 (full 4):
 PSYoungGen      total 6656K, used 6599K [0x00000000d5580000, 0x00000000d5f80000, 0x0000000100000000)
  eden space 6144K, 99% used [0x00000000d5580000,0x00000000d5b74bf8,0x00000000d5b80000)
  from space 512K, 97% used [0x00000000d5b80000,0x00000000d5bfd200,0x00000000d5c00000)
  to   space 1536K, 0% used [0x00000000d5e00000,0x00000000d5e00000,0x00000000d5f80000)
 ParOldGen       total 259072K, used 212354K [0x0000000080000000, 0x000000008fd00000, 0x00000000d5580000)
  object space 259072K, 81% used [0x0000000080000000,0x000000008cf60b08,0x000000008fd00000)
 Metaspace       used 80967K, committed 82688K, reserved 1179648K
  class space    used 8484K, committed 9344K, reserved 1048576K
}
Event: 2739.177 GC heap after
{Heap after GC invocations=398 (full 4):
 PSYoungGen      total 7168K, used 897K [0x00000000d5580000, 0x00000000d5f00000, 0x0000000100000000)
  eden space 6144K, 0% used [0x00000000d5580000,0x00000000d5580000,0x00000000d5b80000)
  from space 1024K, 87% used [0x00000000d5e00000,0x00000000d5ee0608,0x00000000d5f00000)
  to   space 1024K, 0% used [0x00000000d5d00000,0x00000000d5d00000,0x00000000d5e00000)
 ParOldGen       total 259072K, used 212803K [0x0000000080000000, 0x000000008fd00000, 0x00000000d5580000)
  object space 259072K, 82% used [0x0000000080000000,0x000000008cfd0d18,0x000000008fd00000)
 Metaspace       used 80967K, committed 82688K, reserved 1179648K
  class space    used 8484K, committed 9344K, reserved 1048576K
}
Event: 2739.204 GC heap before
{Heap before GC invocations=399 (full 4):
 PSYoungGen      total 7168K, used 7041K [0x00000000d5580000, 0x00000000d5f00000, 0x0000000100000000)
  eden space 6144K, 99% used [0x00000000d5580000,0x00000000d5b7fff8,0x00000000d5b80000)
  from space 1024K, 87% used [0x00000000d5e00000,0x00000000d5ee0608,0x00000000d5f00000)
  to   space 1024K, 0% used [0x00000000d5d00000,0x00000000d5d00000,0x00000000d5e00000)
 ParOldGen       total 259072K, used 212803K [0x0000000080000000, 0x000000008fd00000, 0x00000000d5580000)
  object space 259072K, 82% used [0x0000000080000000,0x000000008cfd0d18,0x000000008fd00000)
 Metaspace       used 80967K, committed 82688K, reserved 1179648K
  class space    used 8484K, committed 9344K, reserved 1048576K
}
Event: 2739.211 GC heap after
{Heap after GC invocations=399 (full 4):
 PSYoungGen      total 7168K, used 993K [0x00000000d5580000, 0x00000000d6580000, 0x0000000100000000)
  eden space 6144K, 0% used [0x00000000d5580000,0x00000000d5580000,0x00000000d5b80000)
  from space 1024K, 97% used [0x00000000d5d00000,0x00000000d5df8608,0x00000000d5e00000)
  to   space 5120K, 0% used [0x00000000d6080000,0x00000000d6080000,0x00000000d6580000)
 ParOldGen       total 259072K, used 216048K [0x0000000080000000, 0x000000008fd00000, 0x00000000d5580000)
  object space 259072K, 83% used [0x0000000080000000,0x000000008d2fc370,0x000000008fd00000)
 Metaspace       used 80967K, committed 82688K, reserved 1179648K
  class space    used 8484K, committed 9344K, reserved 1048576K
}
Event: 2739.258 GC heap before
{Heap before GC invocations=400 (full 4):
 PSYoungGen      total 7168K, used 7137K [0x00000000d5580000, 0x00000000d6580000, 0x0000000100000000)
  eden space 6144K, 100% used [0x00000000d5580000,0x00000000d5b80000,0x00000000d5b80000)
  from space 1024K, 97% used [0x00000000d5d00000,0x00000000d5df8608,0x00000000d5e00000)
  to   space 5120K, 0% used [0x00000000d6080000,0x00000000d6080000,0x00000000d6580000)
 ParOldGen       total 259072K, used 216048K [0x0000000080000000, 0x000000008fd00000, 0x00000000d5580000)
  object space 259072K, 83% used [0x0000000080000000,0x000000008d2fc370,0x000000008fd00000)
 Metaspace       used 80968K, committed 82688K, reserved 1179648K
  class space    used 8484K, committed 9344K, reserved 1048576K
}
Event: 2739.262 GC heap after
{Heap after GC invocations=400 (full 4):
 PSYoungGen      total 7168K, used 788K [0x00000000d5580000, 0x00000000d6180000, 0x0000000100000000)
  eden space 6144K, 0% used [0x00000000d5580000,0x00000000d5580000,0x00000000d5b80000)
  from space 1024K, 77% used [0x00000000d6080000,0x00000000d6145200,0x00000000d6180000)
  to   space 2048K, 0% used [0x00000000d5d80000,0x00000000d5d80000,0x00000000d5f80000)
 ParOldGen       total 259072K, used 217066K [0x0000000080000000, 0x000000008fd00000, 0x00000000d5580000)
  object space 259072K, 83% used [0x0000000080000000,0x000000008d3fa978,0x000000008fd00000)
 Metaspace       used 80968K, committed 82688K, reserved 1179648K
  class space    used 8484K, committed 9344K, reserved 1048576K
}
Event: 2739.285 GC heap before
{Heap before GC invocations=401 (full 4):
 PSYoungGen      total 7168K, used 6932K [0x00000000d5580000, 0x00000000d6180000, 0x0000000100000000)
  eden space 6144K, 99% used [0x00000000d5580000,0x00000000d5b7fff0,0x00000000d5b80000)
  from space 1024K, 77% used [0x00000000d6080000,0x00000000d6145200,0x00000000d6180000)
  to   space 2048K, 0% used [0x00000000d5d80000,0x00000000d5d80000,0x00000000d5f80000)
 ParOldGen       total 259072K, used 217066K [0x0000000080000000, 0x000000008fd00000, 0x00000000d5580000)
  object space 259072K, 83% used [0x0000000080000000,0x000000008d3fa978,0x000000008fd00000)
 Metaspace       used 80972K, committed 82688K, reserved 1179648K
  class space    used 8484K, committed 9344K, reserved 1048576K
}
Event: 2739.288 GC heap after
{Heap after GC invocations=401 (full 4):
 PSYoungGen      total 8192K, used 1827K [0x00000000d5580000, 0x00000000d6100000, 0x0000000100000000)
  eden space 6144K, 0% used [0x00000000d5580000,0x00000000d5580000,0x00000000d5b80000)
  from space 2048K, 89% used [0x00000000d5d80000,0x00000000d5f48c10,0x00000000d5f80000)
  to   space 1536K, 0% used [0x00000000d5f80000,0x00000000d5f80000,0x00000000d6100000)
 ParOldGen       total 259072K, used 217770K [0x0000000080000000, 0x000000008fd00000, 0x00000000d5580000)
  object space 259072K, 84% used [0x0000000080000000,0x000000008d4aaba8,0x000000008fd00000)
 Metaspace       used 80972K, committed 82688K, reserved 1179648K
  class space    used 8484K, committed 9344K, reserved 1048576K
}
Event: 2741.088 GC heap before
{Heap before GC invocations=402 (full 4):
 PSYoungGen      total 8192K, used 7969K [0x00000000d5580000, 0x00000000d6100000, 0x0000000100000000)
  eden space 6144K, 99% used [0x00000000d5580000,0x00000000d5b7fa68,0x00000000d5b80000)
  from space 2048K, 89% used [0x00000000d5d80000,0x00000000d5f48c10,0x00000000d5f80000)
  to   space 1536K, 0% used [0x00000000d5f80000,0x00000000d5f80000,0x00000000d6100000)
 ParOldGen       total 259072K, used 217770K [0x0000000080000000, 0x000000008fd00000, 0x00000000d5580000)
  object space 259072K, 84% used [0x0000000080000000,0x000000008d4aaba8,0x000000008fd00000)
 Metaspace       used 80976K, committed 82688K, reserved 1179648K
  class space    used 8484K, committed 9344K, reserved 1048576K
}
Event: 2741.091 GC heap after
{Heap after GC invocations=402 (full 4):
 PSYoungGen      total 6656K, used 192K [0x00000000d5580000, 0x00000000d6000000, 0x0000000100000000)
  eden space 6144K, 0% used [0x00000000d5580000,0x00000000d5580000,0x00000000d5b80000)
  from space 512K, 37% used [0x00000000d5f80000,0x00000000d5fb0000,0x00000000d6000000)
  to   space 1024K, 0% used [0x00000000d5e00000,0x00000000d5e00000,0x00000000d5f00000)
 ParOldGen       total 259072K, used 218190K [0x0000000080000000, 0x000000008fd00000, 0x00000000d5580000)
  object space 259072K, 84% used [0x0000000080000000,0x000000008d513bd8,0x000000008fd00000)
 Metaspace       used 80976K, committed 82688K, reserved 1179648K
  class space    used 8484K, committed 9344K, reserved 1048576K
}

Dll operation events (12 events):
Event: 0.010 Loaded shared library c:\Users\saura\.vscode\extensions\redhat.java-1.46.0-win32-x64\jre\21.0.8-win32-x86_64\bin\java.dll
Event: 0.087 Loaded shared library c:\Users\saura\.vscode\extensions\redhat.java-1.46.0-win32-x64\jre\21.0.8-win32-x86_64\bin\zip.dll
Event: 0.104 Loaded shared library C:\Users\saura\.vscode\extensions\redhat.java-1.46.0-win32-x64\jre\21.0.8-win32-x86_64\bin\instrument.dll
Event: 0.108 Loaded shared library C:\Users\saura\.vscode\extensions\redhat.java-1.46.0-win32-x64\jre\21.0.8-win32-x86_64\bin\net.dll
Event: 0.110 Loaded shared library C:\Users\saura\.vscode\extensions\redhat.java-1.46.0-win32-x64\jre\21.0.8-win32-x86_64\bin\nio.dll
Event: 0.113 Loaded shared library C:\Users\saura\.vscode\extensions\redhat.java-1.46.0-win32-x64\jre\21.0.8-win32-x86_64\bin\zip.dll
Event: 0.131 Loaded shared library C:\Users\saura\.vscode\extensions\redhat.java-1.46.0-win32-x64\jre\21.0.8-win32-x86_64\bin\jimage.dll
Event: 0.200 Loaded shared library c:\Users\saura\.vscode\extensions\redhat.java-1.46.0-win32-x64\jre\21.0.8-win32-x86_64\bin\verify.dll
Event: 1.494 Loaded shared library C:\Users\saura\AppData\Roaming\Code\User\globalStorage\redhat.java\1.46.0\config_win\org.eclipse.equinox.launcher\org.eclipse.equinox.launcher.win32.win32.x86_64_1.2.1400.v20250801-0854\eclipse_11916.dll
Event: 2.716 Loaded shared library C:\Users\saura\AppData\Local\Temp\jna-109210710\jna8464095659178972463.dll
Event: 4.435 Loaded shared library C:\Users\saura\.vscode\extensions\redhat.java-1.46.0-win32-x64\jre\21.0.8-win32-x86_64\bin\sunmscapi.dll
Event: 5.097 Loaded shared library C:\Users\saura\.vscode\extensions\redhat.java-1.46.0-win32-x64\jre\21.0.8-win32-x86_64\bin\extnet.dll

Deoptimization events (20 events):
Event: 2739.180 Thread 0x000001669676ed10 DEOPT PACKING pc=0x0000016637e6d609 sp=0x00000043c42fe650
Event: 2739.180 Thread 0x000001669676ed10 DEOPT UNPACKING pc=0x000001663d454242 sp=0x00000043c42fdcd0 mode 0
Event: 2739.245 Thread 0x0000016696769130 Uncommon trap: trap_request=0xffffffd6 fr.pc=0x000001663e6f4b18 relative=0x00000000000001f8
Event: 2739.245 Thread 0x0000016696769130 Uncommon trap: reason=array_check action=maybe_recompile pc=0x000001663e6f4b18 method=java.util.LinkedHashMap.keysToArray([Ljava/lang/Object;Z)[Ljava/lang/Object; @ 67 c2
Event: 2739.245 Thread 0x0000016696769130 DEOPT PACKING pc=0x000001663e6f4b18 sp=0x00000043c41fe360
Event: 2739.245 Thread 0x0000016696769130 DEOPT UNPACKING pc=0x000001663d453aa2 sp=0x00000043c41fe2e0 mode 2
Event: 2739.246 Thread 0x0000016696769130 Uncommon trap: trap_request=0xffffffd6 fr.pc=0x000001663e6f4b18 relative=0x00000000000001f8
Event: 2739.246 Thread 0x0000016696769130 Uncommon trap: reason=array_check action=maybe_recompile pc=0x000001663e6f4b18 method=java.util.LinkedHashMap.keysToArray([Ljava/lang/Object;Z)[Ljava/lang/Object; @ 67 c2
Event: 2739.246 Thread 0x0000016696769130 DEOPT PACKING pc=0x000001663e6f4b18 sp=0x00000043c41fda30
Event: 2739.246 Thread 0x0000016696769130 DEOPT UNPACKING pc=0x000001663d453aa2 sp=0x00000043c41fd9b0 mode 2
Event: 2739.248 Thread 0x0000016696769130 Uncommon trap: trap_request=0xffffffd6 fr.pc=0x000001663e6f4b18 relative=0x00000000000001f8
Event: 2739.248 Thread 0x0000016696769130 Uncommon trap: reason=array_check action=maybe_recompile pc=0x000001663e6f4b18 method=java.util.LinkedHashMap.keysToArray([Ljava/lang/Object;Z)[Ljava/lang/Object; @ 67 c2
Event: 2739.249 Thread 0x0000016696769130 DEOPT PACKING pc=0x000001663e6f4b18 sp=0x00000043c41fc7f0
Event: 2739.249 Thread 0x0000016696769130 DEOPT UNPACKING pc=0x000001663d453aa2 sp=0x00000043c41fc770 mode 2
Event: 2739.249 Thread 0x0000016696769130 Uncommon trap: trap_request=0xffffffd6 fr.pc=0x000001663e6f4b18 relative=0x00000000000001f8
Event: 2739.249 Thread 0x0000016696769130 Uncommon trap: reason=array_check action=maybe_recompile pc=0x000001663e6f4b18 method=java.util.LinkedHashMap.keysToArray([Ljava/lang/Object;Z)[Ljava/lang/Object; @ 67 c2
Event: 2739.249 Thread 0x0000016696769130 DEOPT PACKING pc=0x000001663e6f4b18 sp=0x00000043c41fc7f0
Event: 2739.249 Thread 0x0000016696769130 DEOPT UNPACKING pc=0x000001663d453aa2 sp=0x00000043c41fc770 mode 2
Event: 2739.288 Thread 0x000001669676b200 DEOPT PACKING pc=0x0000016637e6d609 sp=0x00000043c47feb60
Event: 2739.289 Thread 0x000001669676b200 DEOPT UNPACKING pc=0x000001663d454242 sp=0x00000043c47fe1e0 mode 0

Classes loaded (20 events):
Event: 762.008 Loading class java/util/concurrent/CompletableFuture$UniWhenComplete
Event: 762.009 Loading class java/util/concurrent/CompletableFuture$UniWhenComplete done
Event: 762.009 Loading class java/util/concurrent/CompletableFuture$UniCompose
Event: 762.009 Loading class java/util/concurrent/CompletableFuture$UniCompose done
Event: 762.009 Loading class java/util/concurrent/CompletableFuture$UniRelay
Event: 762.010 Loading class java/util/concurrent/CompletableFuture$UniRelay done
Event: 762.728 Loading class java/util/concurrent/ScheduledThreadPoolExecutor$DelayedWorkQueue$Itr
Event: 762.728 Loading class java/util/concurrent/ScheduledThreadPoolExecutor$DelayedWorkQueue$Itr done
Event: 763.506 Loading class java/lang/ProcessHandleImpl$ExitCompletion
Event: 763.506 Loading class java/lang/ProcessHandleImpl$ExitCompletion done
Event: 763.506 Loading class java/lang/ProcessHandleImpl$1
Event: 763.506 Loading class java/lang/ProcessHandleImpl$1 done
Event: 763.508 Loading class java/util/concurrent/CompletableFuture$UniHandle
Event: 763.508 Loading class java/util/concurrent/CompletableFuture$UniHandle done
Event: 2130.114 Loading class java/io/CharArrayReader
Event: 2130.114 Loading class java/io/CharArrayReader done
Event: 2130.114 Loading class java/util/regex/Pattern$Bound
Event: 2130.114 Loading class java/util/regex/Pattern$Bound done
Event: 2154.146 Loading class java/util/Collections$EmptyListIterator
Event: 2154.146 Loading class java/util/Collections$EmptyListIterator done

Classes unloaded (20 events):
Event: 2150.991 Thread 0x00000166308f1a60 Unloading class 0x000001664b016400 'java/lang/invoke/LambdaForm$MH+0x000001664b016400'
Event: 2150.991 Thread 0x00000166308f1a60 Unloading class 0x000001664b00d800 'java/lang/invoke/LambdaForm$MH+0x000001664b00d800'
Event: 2150.991 Thread 0x00000166308f1a60 Unloading class 0x000001664b00d400 'java/lang/invoke/LambdaForm$MH+0x000001664b00d400'
Event: 2150.991 Thread 0x00000166308f1a60 Unloading class 0x000001664b00d000 'java/lang/invoke/LambdaForm$MH+0x000001664b00d000'
Event: 2150.991 Thread 0x00000166308f1a60 Unloading class 0x000001664b00cc00 'java/lang/invoke/LambdaForm$MH+0x000001664b00cc00'
Event: 2150.991 Thread 0x00000166308f1a60 Unloading class 0x000001664b00c800 'java/lang/invoke/LambdaForm$BMH+0x000001664b00c800'
Event: 2150.991 Thread 0x00000166308f1a60 Unloading class 0x000001664b00c000 'java/lang/invoke/LambdaForm$DMH+0x000001664b00c000'
Event: 2150.991 Thread 0x00000166308f1a60 Unloading class 0x000001664b008c00 'java/lang/invoke/LambdaForm$MH+0x000001664b008c00'
Event: 2150.991 Thread 0x00000166308f1a60 Unloading class 0x000001664b008800 'java/lang/invoke/LambdaForm$MH+0x000001664b008800'
Event: 2150.991 Thread 0x00000166308f1a60 Unloading class 0x000001664b008400 'java/lang/invoke/LambdaForm$MH+0x000001664b008400'
Event: 2150.991 Thread 0x00000166308f1a60 Unloading class 0x000001664b007000 'java/lang/invoke/LambdaForm$MH+0x000001664b007000'
Event: 2150.991 Thread 0x00000166308f1a60 Unloading class 0x000001664b006800 'java/lang/invoke/LambdaForm$MH+0x000001664b006800'
Event: 2150.991 Thread 0x00000166308f1a60 Unloading class 0x000001664b006400 'java/lang/invoke/LambdaForm$MH+0x000001664b006400'
Event: 2150.991 Thread 0x00000166308f1a60 Unloading class 0x000001664b006000 'java/lang/invoke/LambdaForm$MH+0x000001664b006000'
Event: 2150.991 Thread 0x00000166308f1a60 Unloading class 0x000001664b005c00 'java/lang/invoke/LambdaForm$BMH+0x000001664b005c00'
Event: 2150.991 Thread 0x00000166308f1a60 Unloading class 0x000001664b004800 'java/lang/invoke/LambdaForm$DMH+0x000001664b004800'
Event: 2150.991 Thread 0x00000166308f1a60 Unloading class 0x000001664b002800 'java/lang/invoke/LambdaForm$MH+0x000001664b002800'
Event: 2150.991 Thread 0x00000166308f1a60 Unloading class 0x000001664b002400 'java/lang/invoke/LambdaForm$MH+0x000001664b002400'
Event: 2150.991 Thread 0x00000166308f1a60 Unloading class 0x000001664b002000 'java/lang/invoke/LambdaForm$MH+0x000001664b002000'
Event: 2150.991 Thread 0x00000166308f1a60 Unloading class 0x000001664b001800 'java/lang/invoke/LambdaForm$MH+0x000001664b001800'

Classes redefined (0 events):
No events

Internal exceptions (20 events):
Event: 2152.956 Thread 0x0000016691d698b0 Exception <a 'java/lang/ClassNotFoundException'{0x00000000d55dbe18}: sun/net/www/protocol/jdt/Handler> (0x00000000d55dbe18) 
thrown [s\src\hotspot\share\classfile\systemDictionary.cpp, line 312]
Event: 2152.956 Thread 0x0000016691d698b0 Exception <a 'java/lang/ClassNotFoundException'{0x00000000d55de670}: sun/net/www/protocol/jdt/Handler> (0x00000000d55de670) 
thrown [s\src\hotspot\share\classfile\systemDictionary.cpp, line 312]
Event: 2152.956 Thread 0x0000016691d698b0 Exception <a 'java/lang/ClassNotFoundException'{0x00000000d55e1198}: sun/net/www/protocol/jdt/Handler> (0x00000000d55e1198) 
thrown [s\src\hotspot\share\classfile\systemDictionary.cpp, line 312]
Event: 2153.684 Thread 0x0000016691d698b0 Exception <a 'java/lang/ClassNotFoundException'{0x00000000d5728cb0}: sun/net/www/protocol/jdt/Handler> (0x00000000d5728cb0) 
thrown [s\src\hotspot\share\classfile\systemDictionary.cpp, line 312]
Event: 2153.684 Thread 0x0000016691d698b0 Exception <a 'java/lang/ClassNotFoundException'{0x00000000d572b9d8}: sun/net/www/protocol/jdt/Handler> (0x00000000d572b9d8) 
thrown [s\src\hotspot\share\classfile\systemDictionary.cpp, line 312]
Event: 2153.684 Thread 0x0000016691d698b0 Exception <a 'java/lang/ClassNotFoundException'{0x00000000d57309c8}: sun/net/www/protocol/jdt/Handler> (0x00000000d57309c8) 
thrown [s\src\hotspot\share\classfile\systemDictionary.cpp, line 312]
Event: 2153.684 Thread 0x0000016691d698b0 Exception <a 'java/lang/ClassNotFoundException'{0x00000000d5735160}: sun/net/www/protocol/jdt/Handler> (0x00000000d5735160) 
thrown [s\src\hotspot\share\classfile\systemDictionary.cpp, line 312]
Event: 2153.684 Thread 0x0000016691d698b0 Exception <a 'java/lang/ClassNotFoundException'{0x00000000d5737c00}: sun/net/www/protocol/jdt/Handler> (0x00000000d5737c00) 
thrown [s\src\hotspot\share\classfile\systemDictionary.cpp, line 312]
Event: 2153.685 Thread 0x0000016691d698b0 Exception <a 'java/lang/ClassNotFoundException'{0x00000000d573a458}: sun/net/www/protocol/jdt/Handler> (0x00000000d573a458) 
thrown [s\src\hotspot\share\classfile\systemDictionary.cpp, line 312]
Event: 2153.685 Thread 0x0000016691d698b0 Exception <a 'java/lang/ClassNotFoundException'{0x00000000d573ccf8}: sun/net/www/protocol/jdt/Handler> (0x00000000d573ccf8) 
thrown [s\src\hotspot\share\classfile\systemDictionary.cpp, line 312]
Event: 2154.111 Thread 0x0000016691d698b0 Implicit null exception at 0x000001663e157998 to 0x000001663e158dd0
Event: 2154.317 Thread 0x0000016691d698b0 Exception <a 'java/lang/ClassNotFoundException'{0x00000000d57bffd0}: sun/net/www/protocol/jdt/Handler> (0x00000000d57bffd0) 
thrown [s\src\hotspot\share\classfile\systemDictionary.cpp, line 312]
Event: 2154.317 Thread 0x0000016691d698b0 Exception <a 'java/lang/ClassNotFoundException'{0x00000000d57c26a0}: sun/net/www/protocol/jdt/Handler> (0x00000000d57c26a0) 
thrown [s\src\hotspot\share\classfile\systemDictionary.cpp, line 312]
Event: 2154.317 Thread 0x0000016691d698b0 Exception <a 'java/lang/ClassNotFoundException'{0x00000000d57c5610}: sun/net/www/protocol/jdt/Handler> (0x00000000d57c5610) 
thrown [s\src\hotspot\share\classfile\systemDictionary.cpp, line 312]
Event: 2154.317 Thread 0x0000016691d698b0 Exception <a 'java/lang/ClassNotFoundException'{0x00000000d57c7ff8}: sun/net/www/protocol/jdt/Handler> (0x00000000d57c7ff8) 
thrown [s\src\hotspot\share\classfile\systemDictionary.cpp, line 312]
Event: 2154.318 Thread 0x0000016691d698b0 Exception <a 'java/lang/ClassNotFoundException'{0x00000000d57cd9d0}: sun/net/www/protocol/jdt/Handler> (0x00000000d57cd9d0) 
thrown [s\src\hotspot\share\classfile\systemDictionary.cpp, line 312]
Event: 2154.318 Thread 0x0000016691d698b0 Exception <a 'java/lang/ClassNotFoundException'{0x00000000d57d0448}: sun/net/www/protocol/jdt/Handler> (0x00000000d57d0448) 
thrown [s\src\hotspot\share\classfile\systemDictionary.cpp, line 312]
Event: 2154.318 Thread 0x0000016691d698b0 Exception <a 'java/lang/ClassNotFoundException'{0x00000000d57d2f00}: sun/net/www/protocol/jdt/Handler> (0x00000000d57d2f00) 
thrown [s\src\hotspot\share\classfile\systemDictionary.cpp, line 312]
Event: 2154.318 Thread 0x0000016691d698b0 Exception <a 'java/lang/ClassNotFoundException'{0x00000000d57d5c20}: sun/net/www/protocol/jdt/Handler> (0x00000000d57d5c20) 
thrown [s\src\hotspot\share\classfile\systemDictionary.cpp, line 312]
Event: 2154.318 Thread 0x0000016691d698b0 Exception <a 'java/lang/ClassNotFoundException'{0x00000000d57d86d8}: sun/net/www/protocol/jdt/Handler> (0x00000000d57d86d8) 
thrown [s\src\hotspot\share\classfile\systemDictionary.cpp, line 312]

ZGC Phase Switch (0 events):
No events

VM Operations (20 events):
Event: 4147.813 Executing VM operation: HandshakeAllThreads (HandshakeForDeflation)
Event: 4147.813 Executing VM operation: HandshakeAllThreads (HandshakeForDeflation) done
Event: 4147.814 Executing VM operation: RendezvousGCThreads
Event: 4147.814 Executing VM operation: RendezvousGCThreads done
Event: 4268.042 Executing VM operation: HandshakeAllThreads (HandshakeForDeflation)
Event: 4268.042 Executing VM operation: HandshakeAllThreads (HandshakeForDeflation) done
Event: 4268.042 Executing VM operation: RendezvousGCThreads
Event: 4268.042 Executing VM operation: RendezvousGCThreads done
Event: 4328.176 Executing VM operation: HandshakeAllThreads (HandshakeForDeflation)
Event: 4328.176 Executing VM operation: HandshakeAllThreads (HandshakeForDeflation) done
Event: 4328.176 Executing VM operation: RendezvousGCThreads
Event: 4328.176 Executing VM operation: RendezvousGCThreads done
Event: 4448.356 Executing VM operation: HandshakeAllThreads (HandshakeForDeflation)
Event: 4448.356 Executing VM operation: HandshakeAllThreads (HandshakeForDeflation) done
Event: 4448.356 Executing VM operation: RendezvousGCThreads
Event: 4448.356 Executing VM operation: RendezvousGCThreads done
Event: 4508.415 Executing VM operation: HandshakeAllThreads (HandshakeForDeflation)
Event: 4508.415 Executing VM operation: HandshakeAllThreads (HandshakeForDeflation) done
Event: 4508.416 Executing VM operation: RendezvousGCThreads
Event: 4508.416 Executing VM operation: RendezvousGCThreads done

Memory protections (0 events):
No events

Nmethod flushes (20 events):
Event: 2151.028 Thread 0x00000166308f1a60 flushing  nmethod 0x0000016636c96f10
Event: 2151.028 Thread 0x00000166308f1a60 flushing  nmethod 0x0000016636c98910
Event: 2151.028 Thread 0x00000166308f1a60 flushing  nmethod 0x0000016636cbb690
Event: 2151.028 Thread 0x00000166308f1a60 flushing  nmethod 0x0000016636cc6710
Event: 2151.028 Thread 0x00000166308f1a60 flushing  nmethod 0x0000016636cc9990
Event: 2151.028 Thread 0x00000166308f1a60 flushing  nmethod 0x0000016636ccc910
Event: 2151.028 Thread 0x00000166308f1a60 flushing  nmethod 0x0000016636cf7690
Event: 2151.028 Thread 0x00000166308f1a60 flushing  nmethod 0x0000016636d02610
Event: 2151.028 Thread 0x00000166308f1a60 flushing  nmethod 0x0000016636d09110
Event: 2151.028 Thread 0x00000166308f1a60 flushing  nmethod 0x0000016636d13c10
Event: 2151.028 Thread 0x00000166308f1a60 flushing  nmethod 0x0000016636d14b10
Event: 2151.028 Thread 0x00000166308f1a60 flushing  nmethod 0x0000016636d15610
Event: 2151.028 Thread 0x00000166308f1a60 flushing  nmethod 0x0000016636d17b90
Event: 2151.028 Thread 0x00000166308f1a60 flushing  nmethod 0x0000016636d19910
Event: 2151.028 Thread 0x00000166308f1a60 flushing  nmethod 0x0000016636d2a090
Event: 2151.028 Thread 0x00000166308f1a60 flushing  nmethod 0x0000016636d2a490
Event: 2151.028 Thread 0x00000166308f1a60 flushing  nmethod 0x0000016636d32010
Event: 2151.028 Thread 0x00000166308f1a60 flushing  nmethod 0x0000016636d9ef90
Event: 2151.028 Thread 0x00000166308f1a60 flushing  nmethod 0x0000016636d9f310
Event: 2151.028 Thread 0x00000166308f1a60 flushing  nmethod 0x0000016636dd4a90

Events (20 events):
Event: 2729.958 Thread 0x000001669369af80 Thread exited: 0x000001669369af80
Event: 2730.081 Thread 0x0000016691bdb6e0 Thread added: 0x000001669676cc40
Event: 2730.081 Thread 0x000001669676d2d0 Thread added: 0x000001669676d960
Event: 2730.081 Thread 0x000001669676ed10 Thread added: 0x000001669676e680
Event: 2730.842 Thread 0x0000016632d9c060 Thread added: 0x000001669369af80
Event: 2731.264 Thread 0x000001669369af80 Thread exited: 0x000001669369af80
Event: 2738.444 Thread 0x0000016632d9c060 Thread added: 0x000001669369af80
Event: 2740.340 Thread 0x000001669369af80 Thread exited: 0x000001669369af80
Event: 2790.756 Thread 0x00000166967697c0 Thread exited: 0x00000166967697c0
Event: 2801.462 Thread 0x0000016696769130 Thread exited: 0x0000016696769130
Event: 2861.463 Thread 0x000001669676c5b0 Thread exited: 0x000001669676c5b0
Event: 2921.471 Thread 0x000001669676b200 Thread exited: 0x000001669676b200
Event: 2981.480 Thread 0x0000016696768410 Thread exited: 0x0000016696768410
Event: 3041.485 Thread 0x000001669676cc40 Thread exited: 0x000001669676cc40
Event: 3101.497 Thread 0x000001669676bf20 Thread exited: 0x000001669676bf20
Event: 3161.501 Thread 0x000001669676d2d0 Thread exited: 0x000001669676d2d0
Event: 3221.503 Thread 0x0000016691bdb6e0 Thread exited: 0x0000016691bdb6e0
Event: 3281.510 Thread 0x000001669676e680 Thread exited: 0x000001669676e680
Event: 3341.518 Thread 0x000001669676ed10 Thread exited: 0x000001669676ed10
Event: 3401.530 Thread 0x000001669676d960 Thread exited: 0x000001669676d960


Dynamic libraries:
0x00007ff7f33d0000 - 0x00007ff7f33de000 	c:\Users\saura\.vscode\extensions\redhat.java-1.46.0-win32-x64\jre\21.0.8-win32-x86_64\bin\java.exe
0x00007fff21400000 - 0x00007fff21668000 	C:\WINDOWS\SYSTEM32\ntdll.dll
0x00007fff20360000 - 0x00007fff20429000 	C:\WINDOWS\System32\KERNEL32.DLL
0x00007fff1e910000 - 0x00007fff1ed02000 	C:\WINDOWS\System32\KERNELBASE.dll
0x00007fff1e7c0000 - 0x00007fff1e90b000 	C:\WINDOWS\System32\ucrtbase.dll
0x00007ffedd620000 - 0x00007ffedd638000 	c:\Users\saura\.vscode\extensions\redhat.java-1.46.0-win32-x64\jre\21.0.8-win32-x86_64\bin\jli.dll
0x00007ffee3210000 - 0x00007ffee322e000 	c:\Users\saura\.vscode\extensions\redhat.java-1.46.0-win32-x64\jre\21.0.8-win32-x86_64\bin\VCRUNTIME140.dll
0x00007fff20440000 - 0x00007fff20605000 	C:\WINDOWS\System32\USER32.dll
0x00007fff1ed10000 - 0x00007fff1ed37000 	C:\WINDOWS\System32\win32u.dll
0x00007fff05ac0000 - 0x00007fff05d53000 	C:\WINDOWS\WinSxS\amd64_microsoft.windows.common-controls_6595b64144ccf1df_6.0.26100.6899_none_3e0efeeae32e88c1\COMCTL32.dll
0x00007fff1ff50000 - 0x00007fff1fff9000 	C:\WINDOWS\System32\msvcrt.dll
0x00007fff20650000 - 0x00007fff2067b000 	C:\WINDOWS\System32\GDI32.dll
0x00007fff1ed40000 - 0x00007fff1ee6d000 	C:\WINDOWS\System32\gdi32full.dll
0x00007fff1ee70000 - 0x00007fff1ef13000 	C:\WINDOWS\System32\msvcp_win.dll
0x00007fff20610000 - 0x00007fff2063f000 	C:\WINDOWS\System32\IMM32.DLL
0x00007fff0f530000 - 0x00007fff0f53c000 	c:\Users\saura\.vscode\extensions\redhat.java-1.46.0-win32-x64\jre\21.0.8-win32-x86_64\bin\vcruntime140_1.dll
0x00007ffedd590000 - 0x00007ffedd61d000 	c:\Users\saura\.vscode\extensions\redhat.java-1.46.0-win32-x64\jre\21.0.8-win32-x86_64\bin\msvcp140.dll
0x00007ffed4fd0000 - 0x00007ffed5d67000 	c:\Users\saura\.vscode\extensions\redhat.java-1.46.0-win32-x64\jre\21.0.8-win32-x86_64\bin\server\jvm.dll
0x00007fff21300000 - 0x00007fff213b4000 	C:\WINDOWS\System32\ADVAPI32.dll
0x00007fff1f860000 - 0x00007fff1f906000 	C:\WINDOWS\System32\sechost.dll
0x00007fff1fa60000 - 0x00007fff1fb78000 	C:\WINDOWS\System32\RPCRT4.dll
0x00007fff20000000 - 0x00007fff20074000 	C:\WINDOWS\System32\WS2_32.dll
0x00007fff1e3f0000 - 0x00007fff1e44e000 	C:\WINDOWS\SYSTEM32\POWRPROF.dll
0x00007fff16610000 - 0x00007fff16645000 	C:\WINDOWS\SYSTEM32\WINMM.dll
0x00007fff16650000 - 0x00007fff1665b000 	C:\WINDOWS\SYSTEM32\VERSION.dll
0x00007fff1e3d0000 - 0x00007fff1e3e4000 	C:\WINDOWS\SYSTEM32\UMPDC.dll
0x00007fff1d360000 - 0x00007fff1d37b000 	C:\WINDOWS\SYSTEM32\kernel.appcore.dll
0x00007fff09ac0000 - 0x00007fff09aca000 	c:\Users\saura\.vscode\extensions\redhat.java-1.46.0-win32-x64\jre\21.0.8-win32-x86_64\bin\jimage.dll
0x00007fff11080000 - 0x00007fff112c2000 	C:\WINDOWS\SYSTEM32\DBGHELP.DLL
0x00007fff20f80000 - 0x00007fff212fb000 	C:\WINDOWS\System32\combase.dll
0x00007fff20080000 - 0x00007fff20157000 	C:\WINDOWS\System32\OLEAUT32.dll
0x00007fff02570000 - 0x00007fff025ac000 	C:\WINDOWS\SYSTEM32\dbgcore.DLL
0x00007fff1efb0000 - 0x00007fff1f048000 	C:\WINDOWS\System32\bcryptPrimitives.dll
0x00007fff08e90000 - 0x00007fff08e9f000 	c:\Users\saura\.vscode\extensions\redhat.java-1.46.0-win32-x64\jre\21.0.8-win32-x86_64\bin\instrument.dll
0x00007ffedd570000 - 0x00007ffedd58f000 	c:\Users\saura\.vscode\extensions\redhat.java-1.46.0-win32-x64\jre\21.0.8-win32-x86_64\bin\java.dll
0x00007fff20810000 - 0x00007fff20f5d000 	C:\WINDOWS\System32\SHELL32.dll
0x00007fff1e650000 - 0x00007fff1e7bb000 	C:\WINDOWS\System32\wintypes.dll
0x00007fff1c1e0000 - 0x00007fff1ca3d000 	C:\WINDOWS\SYSTEM32\windows.storage.dll
0x00007fff1f6d0000 - 0x00007fff1f7c2000 	C:\WINDOWS\System32\SHCORE.dll
0x00007fff1f660000 - 0x00007fff1f6c2000 	C:\WINDOWS\System32\shlwapi.dll
0x00007fff1e4b0000 - 0x00007fff1e4d9000 	C:\WINDOWS\SYSTEM32\profapi.dll
0x00007ffed4e40000 - 0x00007ffed4e58000 	c:\Users\saura\.vscode\extensions\redhat.java-1.46.0-win32-x64\jre\21.0.8-win32-x86_64\bin\zip.dll
0x00007fff05840000 - 0x00007fff05850000 	C:\Users\saura\.vscode\extensions\redhat.java-1.46.0-win32-x64\jre\21.0.8-win32-x86_64\bin\net.dll
0x00007fff164c0000 - 0x00007fff165df000 	C:\WINDOWS\SYSTEM32\WINHTTP.dll
0x00007fff1d8d0000 - 0x00007fff1d93b000 	C:\WINDOWS\system32\mswsock.dll
0x00007ffed4e20000 - 0x00007ffed4e36000 	C:\Users\saura\.vscode\extensions\redhat.java-1.46.0-win32-x64\jre\21.0.8-win32-x86_64\bin\nio.dll
0x00007ffefd2e0000 - 0x00007ffefd2f0000 	c:\Users\saura\.vscode\extensions\redhat.java-1.46.0-win32-x64\jre\21.0.8-win32-x86_64\bin\verify.dll
0x00007ffedd440000 - 0x00007ffedd484000 	C:\Users\saura\AppData\Roaming\Code\User\globalStorage\redhat.java\1.46.0\config_win\org.eclipse.equinox.launcher\org.eclipse.equinox.launcher.win32.win32.x86_64_1.2.1400.v20250801-0854\eclipse_11916.dll
0x00007fff1fda0000 - 0x00007fff1ff38000 	C:\WINDOWS\System32\ole32.dll
0x00007fff1db90000 - 0x00007fff1dbab000 	C:\WINDOWS\SYSTEM32\CRYPTSP.dll
0x00007fff1d2c0000 - 0x00007fff1d2fb000 	C:\WINDOWS\system32\rsaenh.dll
0x00007fff1d970000 - 0x00007fff1d99b000 	C:\WINDOWS\SYSTEM32\USERENV.dll
0x00007fff1e480000 - 0x00007fff1e4a6000 	C:\WINDOWS\SYSTEM32\bcrypt.dll
0x00007fff1db80000 - 0x00007fff1db8c000 	C:\WINDOWS\SYSTEM32\CRYPTBASE.dll
0x00007fff1cd60000 - 0x00007fff1cd94000 	C:\WINDOWS\SYSTEM32\IPHLPAPI.DLL
0x00007fff20f70000 - 0x00007fff20f7a000 	C:\WINDOWS\System32\NSI.dll
0x00007ffed4f80000 - 0x00007ffed4fc9000 	C:\Users\saura\AppData\Local\Temp\jna-109210710\jna8464095659178972463.dll
0x00007fff20430000 - 0x00007fff20438000 	C:\WINDOWS\System32\PSAPI.DLL
0x00007fff17420000 - 0x00007fff1743e000 	C:\WINDOWS\SYSTEM32\dhcpcsvc6.DLL
0x00007fff17370000 - 0x00007fff17393000 	C:\WINDOWS\SYSTEM32\dhcpcsvc.DLL
0x00007ffefbcd0000 - 0x00007ffefbcde000 	C:\Users\saura\.vscode\extensions\redhat.java-1.46.0-win32-x64\jre\21.0.8-win32-x86_64\bin\sunmscapi.dll
0x00007fff1f050000 - 0x00007fff1f1c7000 	C:\WINDOWS\System32\CRYPT32.dll
0x00007fff1dda0000 - 0x00007fff1ddd0000 	C:\WINDOWS\SYSTEM32\ncrypt.dll
0x00007fff1dd50000 - 0x00007fff1dd8f000 	C:\WINDOWS\SYSTEM32\NTASN1.dll
0x00007fff1cdf0000 - 0x00007fff1cf16000 	C:\WINDOWS\SYSTEM32\DNSAPI.dll
0x00007fff164b0000 - 0x00007fff164bb000 	C:\Windows\System32\rasadhlp.dll
0x00007fff17c10000 - 0x00007fff17c96000 	C:\WINDOWS\System32\fwpuclnt.dll
0x00007ffefba10000 - 0x00007ffefba19000 	C:\Users\saura\.vscode\extensions\redhat.java-1.46.0-win32-x64\jre\21.0.8-win32-x86_64\bin\extnet.dll

JVMTI agents:
c:\Users\saura\.vscode\extensions\redhat.java-1.46.0-win32-x64\lombok\lombok-1.18.39-4050.jar path:c:\Users\saura\.vscode\extensions\redhat.java-1.46.0-win32-x64\jre\21.0.8-win32-x86_64\bin\instrument.dll, loaded, initialized, instrumentlib options:none

dbghelp: loaded successfully - version: 4.0.5 - missing functions: none
symbol engine: initialized successfully - sym options: 0x614 - pdb path: .;c:\Users\saura\.vscode\extensions\redhat.java-1.46.0-win32-x64\jre\21.0.8-win32-x86_64\bin;C:\WINDOWS\SYSTEM32;C:\WINDOWS\WinSxS\amd64_microsoft.windows.common-controls_6595b64144ccf1df_6.0.26100.6899_none_3e0efeeae32e88c1;c:\Users\saura\.vscode\extensions\redhat.java-1.46.0-win32-x64\jre\21.0.8-win32-x86_64\bin\server;C:\Users\saura\AppData\Roaming\Code\User\globalStorage\redhat.java\1.46.0\config_win\org.eclipse.equinox.launcher\org.eclipse.equinox.launcher.win32.win32.x86_64_1.2.1400.v20250801-0854;C:\Users\saura\AppData\Local\Temp\jna-109210710

VM Arguments:
jvm_args: --add-modules=ALL-SYSTEM --add-opens=java.base/java.util=ALL-UNNAMED --add-opens=java.base/java.lang=ALL-UNNAMED --add-opens=java.base/sun.nio.fs=ALL-UNNAMED -Declipse.application=org.eclipse.jdt.ls.core.id1 -Dosgi.bundles.defaultStartLevel=4 -Declipse.product=org.eclipse.jdt.ls.core.product -Djava.import.generatesMetadataFilesAtProjectRoot=false -DDetectVMInstallationsJob.disabled=true -Dfile.encoding=utf8 -XX:+UseParallelGC -XX:GCTimeRatio=4 -XX:AdaptiveSizePolicyWeight=90 -Dsun.zip.disableMemoryMapping=true -Xmx2G -Xms100m -Xlog:disable -javaagent:c:\Users\saura\.vscode\extensions\redhat.java-1.46.0-win32-x64\lombok\lombok-1.18.39-4050.jar -XX:+HeapDumpOnOutOfMemoryError -XX:HeapDumpPath=c:\Users\saura\AppData\Roaming\Code\User\workspaceStorage\36f0117d754219c8c521f07f386cd919\redhat.java -Daether.dependencyCollector.impl=bf 
java_command: c:\Users\saura\.vscode\extensions\redhat.java-1.46.0-win32-x64\server\plugins\org.eclipse.equinox.launcher_1.7.0.v20250519-0528.jar -configuration c:\Users\saura\AppData\Roaming\Code\User\globalStorage\redhat.java\1.46.0\config_win -data c:\Users\saura\AppData\Roaming\Code\User\workspaceStorage\36f0117d754219c8c521f07f386cd919\redhat.java\jdt_ws --pipe=\\.\pipe\lsp-f121f99c111f90e21c5633345ce0accf-sock
java_class_path (initial): c:\Users\saura\.vscode\extensions\redhat.java-1.46.0-win32-x64\server\plugins\org.eclipse.equinox.launcher_1.7.0.v20250519-0528.jar
Launcher Type: SUN_STANDARD

[Global flags]
    uintx AdaptiveSizePolicyWeight                 = 90                                        {product} {command line}
     intx CICompilerCount                          = 4                                         {product} {ergonomic}
    uintx GCTimeRatio                              = 4                                         {product} {command line}
     bool HeapDumpOnOutOfMemoryError               = true                                   {manageable} {command line}
    ccstr HeapDumpPath                             = c:\Users\saura\AppData\Roaming\Code\User\workspaceStorage\36f0117d754219c8c521f07f386cd919\redhat.java         {manageable} {command line}
   size_t InitialHeapSize                          = 104857600                                 {product} {command line}
   size_t MaxHeapSize                              = 2147483648                                {product} {command line}
   size_t MaxNewSize                               = 715653120                                 {product} {ergonomic}
   size_t MinHeapDeltaBytes                        = 524288                                    {product} {ergonomic}
   size_t MinHeapSize                              = 104857600                                 {product} {command line}
   size_t NewSize                                  = 34603008                                  {product} {ergonomic}
    uintx NonNMethodCodeHeapSize                   = 5839372                                {pd product} {ergonomic}
    uintx NonProfiledCodeHeapSize                  = 122909434                              {pd product} {ergonomic}
   size_t OldSize                                  = 70254592                                  {product} {ergonomic}
    uintx ProfiledCodeHeapSize                     = 122909434                              {pd product} {ergonomic}
    uintx ReservedCodeCacheSize                    = 251658240                              {pd product} {ergonomic}
     bool SegmentedCodeCache                       = true                                      {product} {ergonomic}
   size_t SoftMaxHeapSize                          = 2147483648                             {manageable} {ergonomic}
     bool UseCompressedOops                        = true                           {product lp64_product} {ergonomic}
     bool UseLargePagesIndividualAllocation        = false                                  {pd product} {ergonomic}
     bool UseParallelGC                            = true                                      {product} {command line}

Logging:
Log output configuration:
 #0: stdout all=off uptime,level,tags foldmultilines=false
 #1: stderr all=off uptime,level,tags foldmultilines=false

Environment Variables:
PATH=C:\Python313\Scripts\;C:\Python313\;C:\oraclexe\app\oracle\product\11.2.0\server\bin;C:\Program Files\Common Files\Oracle\Java\javapath;C:\WINDOWS\system32;C:\WINDOWS;C:\WINDOWS\System32\Wbem;C:\WINDOWS\System32\WindowsPowerShell\v1.0\;C:\WINDOWS\System32\OpenSSH\;C:\MinGW\bin;C:\Program Files\Java\jdk-20\bin;C:\Program Files\Docker\Docker\resources\bin;C:\Program Files (x86)\Microsoft SQL Server\160\Tools\Binn\;C:\Program Files\Microsoft SQL Server\160\Tools\Binn\;C:\Program Files\Microsoft SQL Server\Client SDK\ODBC\170\Tools\Binn\;C:\Program Files\Microsoft SQL Server\160\DTS\Binn\;C:\ProgramData\chocolatey\bin;C:\Program Files\nodejs\;C:\Users\saura\Downloads\apache-maven-3.9.11-bin\apache-maven-3.9.11\bin;C:\Program Files\apache-maven-3.9.11\bin;C:\Program Files\Git\cmd;C:\PWJarvis;C:\Program Files\MySQL\MySQL Shell 8.0\bin\;C:\Users\saura\AppData\Local\Programs\Python\Python311\Scripts\;C:\Users\saura\AppData\Local\Programs\Python\Python311\;C:\Users\saura\AppData\Local\Microsoft\WindowsApps;;C:\Users\saura\AppData\Local\Programs\Microsoft VS Code\bin;C:\Program Files\JetBrains\IntelliJ IDEA Community Edition 2023.3\bin;;C:\Program Files\JetBrains\PyCharm Community Edition 2024.2\bin;C:\Users\saura\AppData\Roaming\npm;C:\Users\saura\AppData\Local\Programs\cursor\resources\app\bin;C:\Users\saura\AppData\Local\Programs\Windsurf\bin
USERNAME=saura
OS=Windows_NT
PROCESSOR_IDENTIFIER=AMD64 Family 23 Model 104 Stepping 1, AuthenticAMD
TMP=C:\Users\saura\AppData\Local\Temp
TEMP=C:\Users\saura\AppData\Local\Temp




Periodic native trim disabled

---------------  S Y S T E M  ---------------

OS:
 Windows 11 , 64 bit Build 26100 (10.0.26100.6725)
OS uptime: 1 days 3:01 hours
Hyper-V role detected

CPU: total 12 (initial active 12) (12 cores per cpu, 2 threads per core) family 23 model 104 stepping 1 microcode 0x8608107, cx8, cmov, fxsr, ht, mmx, 3dnowpref, sse, sse2, sse3, ssse3, sse4a, sse4.1, sse4.2, popcnt, lzcnt, tsc, tscinvbit, avx, avx2, aes, clmul, bmi1, bmi2, adx, sha, fma, vzeroupper, clflush, clflushopt, hv, rdtscp, rdpid, f16c
Processor Information for processor 0
  Max Mhz: 2100, Current Mhz: 2100, Mhz Limit: 2100
Processor Information for processor 1
  Max Mhz: 2100, Current Mhz: 2100, Mhz Limit: 2100
Processor Information for processor 2
  Max Mhz: 2100, Current Mhz: 2100, Mhz Limit: 2100
Processor Information for processor 3
  Max Mhz: 2100, Current Mhz: 2100, Mhz Limit: 2100
Processor Information for processor 4
  Max Mhz: 2100, Current Mhz: 1988, Mhz Limit: 2100
Processor Information for processor 5
  Max Mhz: 2100, Current Mhz: 1988, Mhz Limit: 2100
Processor Information for processor 6
  Max Mhz: 2100, Current Mhz: 1988, Mhz Limit: 2100
Processor Information for processor 7
  Max Mhz: 2100, Current Mhz: 1988, Mhz Limit: 2100
Processor Information for processor 8
  Max Mhz: 2100, Current Mhz: 1988, Mhz Limit: 2100
Processor Information for processor 9
  Max Mhz: 2100, Current Mhz: 1988, Mhz Limit: 2100
Processor Information for processor 10
  Max Mhz: 2100, Current Mhz: 1988, Mhz Limit: 2100
Processor Information for processor 11
  Max Mhz: 2100, Current Mhz: 1988, Mhz Limit: 2100

Memory: 4k page, system-wide physical 15693M (1839M free)
TotalPageFile size 21837M (AvailPageFile size 34M)
current process WorkingSet (physical memory assigned to process): 278M, peak: 531M
current process commit charge ("private bytes"): 617M, peak: 624M

vm_info: OpenJDK 64-Bit Server VM (21.0.8+9-LTS) for windows-amd64 JRE (21.0.8+9-LTS), built on 2025-07-15T00:00:00Z by "admin" with MS VC++ 17.7 (VS2022)

END.
