#
# There is insufficient memory for the Java Runtime Environment to continue.
# Native memory allocation (malloc) failed to allocate 313120 bytes. Error detail: Chunk::new
# Possible reasons:
#   The system is out of physical RAM or swap space
#   This process is running with CompressedOops enabled, and the Java Heap may be blocking the growth of the native heap
# Possible solutions:
#   Reduce memory load on the system
#   Increase physical memory or swap space
#   Check if swap backing store is full
#   Decrease Java heap size (-Xmx/-Xms)
#   Decrease number of Java threads
#   Decrease Java thread stack sizes (-Xss)
#   Set larger code cache with -XX:ReservedCodeCacheSize=
#   JVM is running with Unscaled Compressed Oops mode in which the Java heap is
#     placed in the first 4GB address space. The Java Heap base address is the
#     maximum limit for the native heap growth. Please use -XX:HeapBaseMinAddress
#     to set the Java Heap base and to place the Java Heap above 4GB virtual address.
# This output file may be truncated or incomplete.
#
#  Out of Memory Error (arena.cpp:168), pid=8400, tid=18980
#
# JRE version: OpenJDK Runtime Environment Temurin-21.0.8+9 (21.0.8+9) (build 21.0.8+9-LTS)
# Java VM: OpenJDK 64-Bit Server VM Temurin-21.0.8+9 (21.0.8+9-LTS, mixed mode, sharing, tiered, compressed oops, compressed class ptrs, parallel gc, windows-amd64)
# No core dump will be written. Minidumps are not enabled by default on client versions of Windows
#

---------------  S U M M A R Y ------------

Command Line: --add-modules=ALL-SYSTEM --add-opens=java.base/java.util=ALL-UNNAMED --add-opens=java.base/java.lang=ALL-UNNAMED --add-opens=java.base/sun.nio.fs=ALL-UNNAMED -Declipse.application=org.eclipse.jdt.ls.core.id1 -Dosgi.bundles.defaultStartLevel=4 -Declipse.product=org.eclipse.jdt.ls.core.product -Djava.import.generatesMetadataFilesAtProjectRoot=false -DDetectVMInstallationsJob.disabled=true -Dfile.encoding=utf8 -XX:+UseParallelGC -XX:GCTimeRatio=4 -XX:AdaptiveSizePolicyWeight=90 -Dsun.zip.disableMemoryMapping=true -Xmx2G -Xms100m -Xlog:disable -javaagent:c:\Users\saura\.windsurf\extensions\redhat.java-1.46.0-win32-x64\lombok\lombok-1.18.39-4050.jar -XX:+HeapDumpOnOutOfMemoryError -XX:HeapDumpPath=c:\Users\saura\AppData\Roaming\Windsurf\User\workspaceStorage\36f0117d754219c8c521f07f386cd919\redhat.java -Daether.dependencyCollector.impl=bf c:\Users\saura\.windsurf\extensions\redhat.java-1.46.0-win32-x64\server\plugins\org.eclipse.equinox.launcher_1.7.0.v20250519-0528.jar -configuration c:\Users\saura\AppData\Roaming\Windsurf\User\globalStorage\redhat.java\1.46.0\config_win -data c:\Users\saura\AppData\Roaming\Windsurf\User\workspaceStorage\36f0117d754219c8c521f07f386cd919\redhat.java\jdt_ws --pipe=\\.\pipe\lsp-09ed1728d120e3ab47f458bf03da49d6-sock

Host: AMD Ryzen 5 5500U with Radeon Graphics         , 12 cores, 15G,  Windows 11 , 64 bit Build 26100 (10.0.26100.6725)
Time: Thu Oct 30 19:44:57 2025 India Standard Time elapsed time: 4.296254 seconds (0d 0h 0m 4s)

---------------  T H R E A D  ---------------

Current thread (0x000001cde5fd9340):  JavaThread "C2 CompilerThread0" daemon [_thread_in_native, id=18980, stack(0x00000018dfa00000,0x00000018dfb00000) (1024K)]


Current CompileTask:
C2:4296 1054   !   4       java.util.jar.Attributes::read (494 bytes)

Stack: [0x00000018dfa00000,0x00000018dfb00000]
Native frames: (J=compiled Java code, j=interpreted, Vv=VM code, C=native code)
V  [jvm.dll+0x6d2449]
V  [jvm.dll+0x8ae341]
V  [jvm.dll+0x8b08be]
V  [jvm.dll+0x8b0fa3]
V  [jvm.dll+0x280c96]
V  [jvm.dll+0xc581d]
V  [jvm.dll+0xc5d53]
V  [jvm.dll+0x3b919c]
V  [jvm.dll+0x1e108a]
V  [jvm.dll+0x249022]
V  [jvm.dll+0x2484af]
V  [jvm.dll+0x1c89ee]
V  [jvm.dll+0x257d4d]
V  [jvm.dll+0x2562ea]
V  [jvm.dll+0x3f2d16]
V  [jvm.dll+0x857e6b]
V  [jvm.dll+0x6d0b0d]
C  [ucrtbase.dll+0x37b0]
C  [KERNEL32.DLL+0x2e8d7]
C  [ntdll.dll+0x8c53c]


---------------  P R O C E S S  ---------------

Threads class SMR info:
_java_thread_list=0x000001cdff050d10, length=13, elements={
0x000001cde395a730, 0x000001cde5eccd30, 0x000001cde5fc3400, 0x000001cde5fc58a0,
0x000001cde5fc8670, 0x000001cde5fc7ed0, 0x000001cde5fd3150, 0x000001cde5fd9340,
0x000001cde5fda940, 0x000001cdfdd1b390, 0x000001cdfdf9c340, 0x000001cdff272880,
0x000001cdc50c4ee0
}

Java Threads: ( => current thread )
  0x000001cde395a730 JavaThread "main"                              [_thread_in_vm, id=13584, stack(0x00000018df000000,0x00000018df100000) (1024K)]
  0x000001cde5eccd30 JavaThread "Reference Handler"          daemon [_thread_blocked, id=2320, stack(0x00000018df400000,0x00000018df500000) (1024K)]
  0x000001cde5fc3400 JavaThread "Finalizer"                  daemon [_thread_blocked, id=12172, stack(0x00000018df500000,0x00000018df600000) (1024K)]
  0x000001cde5fc58a0 JavaThread "Signal Dispatcher"          daemon [_thread_blocked, id=24220, stack(0x00000018df600000,0x00000018df700000) (1024K)]
  0x000001cde5fc8670 JavaThread "Attach Listener"            daemon [_thread_blocked, id=25196, stack(0x00000018df700000,0x00000018df800000) (1024K)]
  0x000001cde5fc7ed0 JavaThread "Service Thread"             daemon [_thread_blocked, id=21776, stack(0x00000018df800000,0x00000018df900000) (1024K)]
  0x000001cde5fd3150 JavaThread "Monitor Deflation Thread"   daemon [_thread_blocked, id=22060, stack(0x00000018df900000,0x00000018dfa00000) (1024K)]
=>0x000001cde5fd9340 JavaThread "C2 CompilerThread0"         daemon [_thread_in_native, id=18980, stack(0x00000018dfa00000,0x00000018dfb00000) (1024K)]
  0x000001cde5fda940 JavaThread "C1 CompilerThread0"         daemon [_thread_blocked, id=4632, stack(0x00000018dfb00000,0x00000018dfc00000) (1024K)]
  0x000001cdfdd1b390 JavaThread "Common-Cleaner"             daemon [_thread_blocked, id=24276, stack(0x00000018dfc00000,0x00000018dfd00000) (1024K)]
  0x000001cdfdf9c340 JavaThread "Notification Thread"        daemon [_thread_blocked, id=18472, stack(0x00000018dfe00000,0x00000018dff00000) (1024K)]
  0x000001cdff272880 JavaThread "C2 CompilerThread1"         daemon [_thread_in_native, id=8384, stack(0x00000018dfd00000,0x00000018dfe00000) (1024K)]
  0x000001cdc50c4ee0 JavaThread "C2 CompilerThread2"         daemon [_thread_blocked, id=14692, stack(0x00000018dff00000,0x00000018e0000000) (1024K)]
Total: 13

Other Threads:
  0x000001cde5eb3ce0 VMThread "VM Thread"                           [id=1764, stack(0x00000018df300000,0x00000018df400000) (1024K)]
  0x000001cde5dacb20 WatcherThread "VM Periodic Task Thread"        [id=8588, stack(0x00000018df200000,0x00000018df300000) (1024K)]
  0x000001cde5f3ba10 WorkerThread "GC Thread#0"                     [id=25804, stack(0x00000018df100000,0x00000018df200000) (1024K)]
  0x000001cdfec334f0 WorkerThread "GC Thread#1"                     [id=23364, stack(0x00000018e0000000,0x00000018e0100000) (1024K)]
  0x000001cdc5030a60 WorkerThread "GC Thread#2"                     [id=3024, stack(0x00000018e0100000,0x00000018e0200000) (1024K)]
  0x000001cdc5030e00 WorkerThread "GC Thread#3"                     [id=18328, stack(0x00000018e0200000,0x00000018e0300000) (1024K)]
  0x000001cdfeeec370 WorkerThread "GC Thread#4"                     [id=8132, stack(0x00000018e0300000,0x00000018e0400000) (1024K)]
  0x000001cdfeeec710 WorkerThread "GC Thread#5"                     [id=8320, stack(0x00000018e0400000,0x00000018e0500000) (1024K)]
  0x000001cdc502f640 WorkerThread "GC Thread#6"                     [id=25224, stack(0x00000018e0500000,0x00000018e0600000) (1024K)]
Total: 9

Threads with active compile tasks:
C2 CompilerThread0  4524 1054   !   4       java.util.jar.Attributes::read (494 bytes)
Total: 1

VM state: not at safepoint (normal execution)

VM Mutex/Monitor currently owned by a thread: None

Heap address: 0x0000000080000000, size: 2048 MB, Compressed Oops mode: 32-bit

CDS archive(s) mapped at: [0x000001cd80000000-0x000001cd80ba0000-0x000001cd80ba0000), size 12189696, SharedBaseAddress: 0x000001cd80000000, ArchiveRelocationMode: 1.
Compressed class space mapped at: 0x000001cd81000000-0x000001cdc1000000, reserved size: 1073741824
Narrow klass base: 0x000001cd80000000, Narrow klass shift: 0, Narrow klass range: 0x100000000

GC Precious Log:
 CardTable entry size: 512
 CPUs: 12 total, 12 available
 Memory: 15693M
 Large Page Support: Disabled
 NUMA Support: Disabled
 Compressed Oops: Enabled (32-bit)
 Alignments: Space 512K, Generation 512K, Heap 2M
 Heap Min Capacity: 100M
 Heap Initial Capacity: 100M
 Heap Max Capacity: 2G
 Pre-touch: Disabled
 Parallel Workers: 10

Heap:
 PSYoungGen      total 29696K, used 9040K [0x00000000d5580000, 0x00000000d7680000, 0x0000000100000000)
  eden space 25600K, 22% used [0x00000000d5580000,0x00000000d5b16520,0x00000000d6e80000)
  from space 4096K, 81% used [0x00000000d6e80000,0x00000000d71bde28,0x00000000d7280000)
  to   space 4096K, 0% used [0x00000000d7280000,0x00000000d7280000,0x00000000d7680000)
 ParOldGen       total 68608K, used 16K [0x0000000080000000, 0x0000000084300000, 0x00000000d5580000)
  object space 68608K, 0% used [0x0000000080000000,0x0000000080004000,0x0000000084300000)
 Metaspace       used 5374K, committed 5632K, reserved 1114112K
  class space    used 573K, committed 704K, reserved 1048576K

Card table byte_map: [0x000001cde58c0000,0x000001cde5cd0000] _byte_map_base: 0x000001cde54c0000

Marking Bits: (ParMarkBitMap*) 0x00007ffe610ca340
 Begin Bits: [0x000001cdf83c0000, 0x000001cdfa3c0000)
 End Bits:   [0x000001cdfa3c0000, 0x000001cdfc3c0000)

Polling page: 0x000001cde3c80000

Metaspace:

Usage:
  Non-class:      4.69 MB used.
      Class:    573.77 KB used.
       Both:      5.25 MB used.

Virtual space:
  Non-class space:       64.00 MB reserved,       4.81 MB (  8%) committed,  1 nodes.
      Class space:        1.00 GB reserved,     704.00 KB ( <1%) committed,  1 nodes.
             Both:        1.06 GB reserved,       5.50 MB ( <1%) committed. 

Chunk freelists:
   Non-Class:  10.50 MB
       Class:  15.36 MB
        Both:  25.86 MB

MaxMetaspaceSize: unlimited
CompressedClassSpaceSize: 1.00 GB
Initial GC threshold: 21.00 MB
Current GC threshold: 21.00 MB
CDS: on
 - commit_granule_bytes: 65536.
 - commit_granule_words: 8192.
 - virtual_space_node_default_size: 8388608.
 - enlarge_chunks_in_place: 1.
 - use_allocation_guard: 0.


Internal statistics:

num_allocs_failed_limit: 0.
num_arena_births: 190.
num_arena_deaths: 0.
num_vsnodes_births: 2.
num_vsnodes_deaths: 0.
num_space_committed: 88.
num_space_uncommitted: 0.
num_chunks_returned_to_freelist: 0.
num_chunks_taken_from_freelist: 290.
num_chunk_merges: 0.
num_chunk_splits: 183.
num_chunks_enlarged: 115.
num_inconsistent_stats: 0.

CodeHeap 'non-profiled nmethods': size=120000Kb used=442Kb max_used=442Kb free=119557Kb
 bounds [0x000001cdf0be0000, 0x000001cdf0e50000, 0x000001cdf8110000]
CodeHeap 'profiled nmethods': size=120000Kb used=2075Kb max_used=2075Kb free=117924Kb
 bounds [0x000001cde9110000, 0x000001cde9380000, 0x000001cdf0640000]
CodeHeap 'non-nmethods': size=5760Kb used=1204Kb max_used=1218Kb free=4555Kb
 bounds [0x000001cdf0640000, 0x000001cdf08b0000, 0x000001cdf0be0000]
CodeCache: size=245760Kb, used=3721Kb, max_used=3735Kb, free=242036Kb
 total_blobs=1731, nmethods=1264, adapters=374, full_count=0
Compilation: enabled, stopped_count=0, restarted_count=0

Compilation events (20 events):
Event: 3.248 Thread 0x000001cde5fda940 1116       3       java.util.Collections$SetFromMap::remove (19 bytes)
Event: 3.248 Thread 0x000001cde5fda940 nmethod 1116 0x000001cde92c4210 code [0x000001cde92c43c0, 0x000001cde92c45e8]
Event: 3.249 Thread 0x000001cde5fda940 1118       3       java.security.Provider::checkInitialized (16 bytes)
Event: 3.249 Thread 0x000001cde5fda940 nmethod 1118 0x000001cde92c4690 code [0x000001cde92c4840, 0x000001cde92c4a58]
Event: 3.250 Thread 0x000001cde5fda940 1119       3       java.lang.System$2::findBootstrapClassOrNull (5 bytes)
Event: 3.250 Thread 0x000001cde5fda940 nmethod 1119 0x000001cde92c4b90 code [0x000001cde92c4d60, 0x000001cde92c4f78]
Event: 3.250 Thread 0x000001cde5fda940 1120       3       java.lang.ClassLoader::findBootstrapClassOrNull (14 bytes)
Event: 3.251 Thread 0x000001cde5fda940 nmethod 1120 0x000001cde92c5090 code [0x000001cde92c5260, 0x000001cde92c5418]
Event: 3.251 Thread 0x000001cde5fda940 1121       3       java.lang.Integer::formatUnsignedInt (40 bytes)
Event: 3.252 Thread 0x000001cde5fda940 nmethod 1121 0x000001cde92c5510 code [0x000001cde92c56c0, 0x000001cde92c58b8]
Event: 3.252 Thread 0x000001cde5fda940 1122       3       sun.security.provider.DigestBase::engineUpdate (176 bytes)
Event: 3.253 Thread 0x000001cde5fda940 nmethod 1122 0x000001cde92c5a10 code [0x000001cde92c5c80, 0x000001cde92c6880]
Event: 3.253 Thread 0x000001cde5fda940 1123       3       java.util.LinkedHashMap::get (29 bytes)
Event: 3.253 Thread 0x000001cde5fda940 nmethod 1123 0x000001cde92c6c10 code [0x000001cde92c6de0, 0x000001cde92c7028]
Event: 3.253 Thread 0x000001cde5fda940 1126   !   3       java.util.zip.Inflater::inflate (456 bytes)
Event: 3.255 Thread 0x000001cde5fda940 nmethod 1126 0x000001cde92c7110 code [0x000001cde92c7500, 0x000001cde92c93a0]
Event: 3.255 Thread 0x000001cde5fda940 1127       3       jdk.internal.loader.ClassLoaders$BootClassLoader::loadClassOrNull (10 bytes)
Event: 3.255 Thread 0x000001cde5fda940 nmethod 1127 0x000001cde92ca410 code [0x000001cde92ca5e0, 0x000001cde92ca870]
Event: 3.255 Thread 0x000001cde5fda940 1125   !   3       java.util.zip.Inflater::needsInput (55 bytes)
Event: 3.256 Thread 0x000001cde5fda940 nmethod 1125 0x000001cde92ca990 code [0x000001cde92cab40, 0x000001cde92caee0]

GC Heap History (2 events):
Event: 1.184 GC heap before
{Heap before GC invocations=1 (full 0):
 PSYoungGen      total 29696K, used 25600K [0x00000000d5580000, 0x00000000d7680000, 0x0000000100000000)
  eden space 25600K, 100% used [0x00000000d5580000,0x00000000d6e80000,0x00000000d6e80000)
  from space 4096K, 0% used [0x00000000d7280000,0x00000000d7280000,0x00000000d7680000)
  to   space 4096K, 0% used [0x00000000d6e80000,0x00000000d6e80000,0x00000000d7280000)
 ParOldGen       total 68608K, used 0K [0x0000000080000000, 0x0000000084300000, 0x00000000d5580000)
  object space 68608K, 0% used [0x0000000080000000,0x0000000080000000,0x0000000084300000)
 Metaspace       used 4276K, committed 4544K, reserved 1114112K
  class space    used 469K, committed 576K, reserved 1048576K
}
Event: 1.191 GC heap after
{Heap after GC invocations=1 (full 0):
 PSYoungGen      total 29696K, used 3319K [0x00000000d5580000, 0x00000000d7680000, 0x0000000100000000)
  eden space 25600K, 0% used [0x00000000d5580000,0x00000000d5580000,0x00000000d6e80000)
  from space 4096K, 81% used [0x00000000d6e80000,0x00000000d71bde28,0x00000000d7280000)
  to   space 4096K, 0% used [0x00000000d7280000,0x00000000d7280000,0x00000000d7680000)
 ParOldGen       total 68608K, used 16K [0x0000000080000000, 0x0000000084300000, 0x00000000d5580000)
  object space 68608K, 0% used [0x0000000080000000,0x0000000080004000,0x0000000084300000)
 Metaspace       used 4276K, committed 4544K, reserved 1114112K
  class space    used 469K, committed 576K, reserved 1048576K
}

Dll operation events (8 events):
Event: 0.014 Loaded shared library c:\Users\saura\.windsurf\extensions\redhat.java-1.46.0-win32-x64\jre\21.0.8-win32-x86_64\bin\java.dll
Event: 0.123 Loaded shared library c:\Users\saura\.windsurf\extensions\redhat.java-1.46.0-win32-x64\jre\21.0.8-win32-x86_64\bin\zip.dll
Event: 0.154 Loaded shared library C:\Users\saura\.windsurf\extensions\redhat.java-1.46.0-win32-x64\jre\21.0.8-win32-x86_64\bin\instrument.dll
Event: 0.161 Loaded shared library C:\Users\saura\.windsurf\extensions\redhat.java-1.46.0-win32-x64\jre\21.0.8-win32-x86_64\bin\net.dll
Event: 0.165 Loaded shared library C:\Users\saura\.windsurf\extensions\redhat.java-1.46.0-win32-x64\jre\21.0.8-win32-x86_64\bin\nio.dll
Event: 0.170 Loaded shared library C:\Users\saura\.windsurf\extensions\redhat.java-1.46.0-win32-x64\jre\21.0.8-win32-x86_64\bin\zip.dll
Event: 0.196 Loaded shared library C:\Users\saura\.windsurf\extensions\redhat.java-1.46.0-win32-x64\jre\21.0.8-win32-x86_64\bin\jimage.dll
Event: 0.300 Loaded shared library c:\Users\saura\.windsurf\extensions\redhat.java-1.46.0-win32-x64\jre\21.0.8-win32-x86_64\bin\verify.dll

Deoptimization events (20 events):
Event: 1.100 Thread 0x000001cde395a730 Uncommon trap: trap_request=0xffffff45 fr.pc=0x000001cdf0c1ecf8 relative=0x00000000000002b8
Event: 1.100 Thread 0x000001cde395a730 Uncommon trap: reason=unstable_if action=reinterpret pc=0x000001cdf0c1ecf8 method=java.util.concurrent.ConcurrentHashMap.get(Ljava/lang/Object;)Ljava/lang/Object; @ 76 c2
Event: 1.100 Thread 0x000001cde395a730 DEOPT PACKING pc=0x000001cdf0c1ecf8 sp=0x00000018df0fe130
Event: 1.100 Thread 0x000001cde395a730 DEOPT UNPACKING pc=0x000001cdf0693aa2 sp=0x00000018df0fe0a8 mode 2
Event: 1.137 Thread 0x000001cde395a730 Uncommon trap: trap_request=0xffffff45 fr.pc=0x000001cdf0c3fdd8 relative=0x00000000000000b8
Event: 1.137 Thread 0x000001cde395a730 Uncommon trap: reason=unstable_if action=reinterpret pc=0x000001cdf0c3fdd8 method=java.lang.invoke.VarHandle.checkAccessModeThenIsDirect(Ljava/lang/invoke/VarHandle$AccessDescriptor;)Z @ 4 c2
Event: 1.137 Thread 0x000001cde395a730 DEOPT PACKING pc=0x000001cdf0c3fdd8 sp=0x00000018df0fdeb0
Event: 1.137 Thread 0x000001cde395a730 DEOPT UNPACKING pc=0x000001cdf0693aa2 sp=0x00000018df0fde60 mode 2
Event: 1.207 Thread 0x000001cde395a730 Uncommon trap: trap_request=0xffffffde fr.pc=0x000001cdf0c23588 relative=0x0000000000000568
Event: 1.207 Thread 0x000001cde395a730 Uncommon trap: reason=class_check action=maybe_recompile pc=0x000001cdf0c23588 method=java.util.Collections$UnmodifiableCollection$1.<init>(Ljava/util/Collections$UnmodifiableCollection;)V @ 17 c2
Event: 1.207 Thread 0x000001cde395a730 DEOPT PACKING pc=0x000001cdf0c23588 sp=0x00000018df0fef40
Event: 1.207 Thread 0x000001cde395a730 DEOPT UNPACKING pc=0x000001cdf0693aa2 sp=0x00000018df0fee88 mode 2
Event: 1.207 Thread 0x000001cde395a730 Uncommon trap: trap_request=0xffffffde fr.pc=0x000001cdf0c1a724 relative=0x00000000000001e4
Event: 1.207 Thread 0x000001cde395a730 Uncommon trap: reason=class_check action=maybe_recompile pc=0x000001cdf0c1a724 method=java.util.Collections$UnmodifiableCollection$1.next()Ljava/lang/Object; @ 4 c2
Event: 1.207 Thread 0x000001cde395a730 DEOPT PACKING pc=0x000001cdf0c1a724 sp=0x00000018df0fef50
Event: 1.207 Thread 0x000001cde395a730 DEOPT UNPACKING pc=0x000001cdf0693aa2 sp=0x00000018df0fef00 mode 2
Event: 1.207 Thread 0x000001cde395a730 Uncommon trap: trap_request=0xffffffde fr.pc=0x000001cdf0c1a724 relative=0x00000000000001e4
Event: 1.207 Thread 0x000001cde395a730 Uncommon trap: reason=class_check action=maybe_recompile pc=0x000001cdf0c1a724 method=java.util.Collections$UnmodifiableCollection$1.next()Ljava/lang/Object; @ 4 c2
Event: 1.207 Thread 0x000001cde395a730 DEOPT PACKING pc=0x000001cdf0c1a724 sp=0x00000018df0fef50
Event: 1.207 Thread 0x000001cde395a730 DEOPT UNPACKING pc=0x000001cdf0693aa2 sp=0x00000018df0fef00 mode 2

Classes loaded (20 events):
Event: 1.139 Loading class sun/util/logging/PlatformLogger$Level
Event: 1.139 Loading class sun/util/logging/PlatformLogger$Level done
Event: 1.149 Loading class java/io/BufferedReader
Event: 1.155 Loading class java/io/BufferedReader done
Event: 1.156 Loading class sun/nio/cs/StreamDecoder
Event: 1.156 Loading class sun/nio/cs/StreamDecoder done
Event: 1.156 Loading class sun/nio/cs/UTF_8$Decoder
Event: 1.156 Loading class sun/nio/cs/UTF_8$Decoder done
Event: 1.191 Loading class java/util/UUID
Event: 1.191 Loading class java/util/UUID done
Event: 1.192 Loading class java/util/concurrent/atomic/AtomicBoolean
Event: 1.192 Loading class java/util/concurrent/atomic/AtomicBoolean done
Event: 1.192 Loading class java/lang/invoke/VarHandleInts$FieldInstanceReadWrite
Event: 1.192 Loading class java/lang/invoke/VarHandleInts$FieldInstanceReadOnly
Event: 1.192 Loading class java/lang/invoke/VarHandleInts$FieldInstanceReadOnly done
Event: 1.192 Loading class java/lang/invoke/VarHandleInts$FieldInstanceReadWrite done
Event: 1.201 Loading class java/nio/file/FileVisitor
Event: 1.201 Loading class java/nio/file/FileVisitor done
Event: 3.254 Loading class java/io/StringWriter
Event: 3.254 Loading class java/io/StringWriter done

Classes unloaded (0 events):
No events

Classes redefined (0 events):
No events

Internal exceptions (20 events):
Event: 0.345 Thread 0x000001cde395a730 Exception <a 'java/lang/NoSuchMethodError'{0x00000000d5bd2b48}: 'void java.lang.invoke.DelegatingMethodHandle$Holder.reinvoke_L(java.lang.Object, java.lang.Object, java.lang.Object, int)'> (0x00000000d5bd2b48) 
thrown [s\src\hotspot\share\interpreter\linkResolver.cpp, line 773]
Event: 0.543 Thread 0x000001cde395a730 Exception <a 'java/lang/NoSuchMethodError'{0x00000000d605f420}: 'void java.lang.invoke.DirectMethodHandle$Holder.invokeVirtual(java.lang.Object, java.lang.Object)'> (0x00000000d605f420) 
thrown [s\src\hotspot\share\interpreter\linkResolver.cpp, line 773]
Event: 0.706 Thread 0x000001cde395a730 Exception <a 'java/lang/NoSuchMethodError'{0x00000000d6443be0}: 'void java.lang.invoke.DirectMethodHandle$Holder.invokeStatic(java.lang.Object, java.lang.Object)'> (0x00000000d6443be0) 
thrown [s\src\hotspot\share\interpreter\linkResolver.cpp, line 773]
Event: 0.714 Thread 0x000001cde395a730 Exception <a 'java/lang/ClassNotFoundException'{0x00000000d646bd60}: sun/net/www/protocol/c/Handler> (0x00000000d646bd60) 
thrown [s\src\hotspot\share\classfile\systemDictionary.cpp, line 312]
Event: 0.748 Thread 0x000001cde395a730 Exception <a 'java/io/FileNotFoundException'{0x00000000d64c9c60}> (0x00000000d64c9c60) 
thrown [s\src\hotspot\share\prims\jni.cpp, line 520]
Event: 0.749 Thread 0x000001cde395a730 Exception <a 'java/io/FileNotFoundException'{0x00000000d64cafd0}> (0x00000000d64cafd0) 
thrown [s\src\hotspot\share\prims\jni.cpp, line 520]
Event: 0.749 Thread 0x000001cde395a730 Exception <a 'java/io/FileNotFoundException'{0x00000000d64cbc50}> (0x00000000d64cbc50) 
thrown [s\src\hotspot\share\prims\jni.cpp, line 520]
Event: 0.749 Thread 0x000001cde395a730 Exception <a 'java/io/FileNotFoundException'{0x00000000d64cc7b0}> (0x00000000d64cc7b0) 
thrown [s\src\hotspot\share\prims\jni.cpp, line 520]
Event: 0.753 Thread 0x000001cde395a730 Implicit null exception at 0x000001cdf0c0ea24 to 0x000001cdf0c0efb8
Event: 0.753 Thread 0x000001cde395a730 Implicit null exception at 0x000001cdf0c0fca0 to 0x000001cdf0c10224
Event: 0.767 Thread 0x000001cde395a730 Exception <a 'java/io/FileNotFoundException'{0x00000000d6506968}> (0x00000000d6506968) 
thrown [s\src\hotspot\share\prims\jni.cpp, line 520]
Event: 0.779 Thread 0x000001cde395a730 Exception <a 'java/lang/NoSuchMethodError'{0x00000000d6542428}: 'java.lang.Object java.lang.invoke.DirectMethodHandle$Holder.invokeInterface(java.lang.Object, java.lang.Object)'> (0x00000000d6542428) 
thrown [s\src\hotspot\share\interpreter\linkResolver.cpp, line 773]
Event: 0.794 Thread 0x000001cde395a730 Exception <a 'java/lang/NoSuchMethodError'{0x00000000d6555f18}: 'java.lang.Object java.lang.invoke.Invokers$Holder.invokeExact_MT(java.lang.Object, java.lang.Object, java.lang.Object, java.lang.Object, java.lang.Object, java.lang.Object)'> (0x00000000d6555f18) 
thrown [s\src\hotspot\share\interpreter\linkResolver.cpp, line 773]
Event: 0.816 Thread 0x000001cde395a730 Exception <a 'java/lang/NoSuchMethodError'{0x00000000d656d170}: 'int java.lang.invoke.DirectMethodHandle$Holder.invokeStatic(java.lang.Object, java.lang.Object, java.lang.Object, java.lang.Object, java.lang.Object)'> (0x00000000d656d170) 
thrown [s\src\hotspot\share\interpreter\linkResolver.cpp, line 773]
Event: 0.934 Thread 0x000001cde395a730 Exception <a 'java/lang/NoSuchMethodError'{0x00000000d6602eb0}: 'java.lang.Object java.lang.invoke.DirectMethodHandle$Holder.invokeInterface(java.lang.Object, java.lang.Object, int)'> (0x00000000d6602eb0) 
thrown [s\src\hotspot\share\interpreter\linkResolver.cpp, line 773]
Event: 1.102 Thread 0x000001cde395a730 Exception <a 'java/lang/NoSuchMethodError'{0x00000000d6a8ebf0}: 'java.lang.ClassLoader java.lang.ClassLoader.getPlatformClassLoader(java.lang.Class)'> (0x00000000d6a8ebf0) 
thrown [s\src\hotspot\share\interpreter\linkResolver.cpp, line 773]
Event: 1.196 Thread 0x000001cde395a730 Exception <a 'java/lang/ClassNotFoundException'{0x00000000d55a84e8}: sun/net/www/protocol/c/Handler> (0x00000000d55a84e8) 
thrown [s\src\hotspot\share\classfile\systemDictionary.cpp, line 312]
Event: 1.196 Thread 0x000001cde395a730 Exception <a 'java/lang/ClassNotFoundException'{0x00000000d55a9878}: sun/net/www/protocol/d/Handler> (0x00000000d55a9878) 
thrown [s\src\hotspot\share\classfile\systemDictionary.cpp, line 312]
Event: 1.197 Thread 0x000001cde395a730 Exception <a 'java/lang/ClassNotFoundException'{0x00000000d55aaa40}: sun/net/www/protocol/c/Handler> (0x00000000d55aaa40) 
thrown [s\src\hotspot\share\classfile\systemDictionary.cpp, line 312]
Event: 1.207 Thread 0x000001cde395a730 Exception <a 'java/io/FileNotFoundException'{0x00000000d55d3338}> (0x00000000d55d3338) 
thrown [s\src\hotspot\share\prims\jni.cpp, line 520]

ZGC Phase Switch (0 events):
No events

VM Operations (14 events):
Event: 0.121 Executing VM operation: HandshakeAllThreads (Deoptimize)
Event: 0.121 Executing VM operation: HandshakeAllThreads (Deoptimize) done
Event: 0.214 Executing VM operation: HandshakeAllThreads (Deoptimize)
Event: 0.214 Executing VM operation: HandshakeAllThreads (Deoptimize) done
Event: 0.678 Executing VM operation: HandshakeAllThreads (Deoptimize)
Event: 0.678 Executing VM operation: HandshakeAllThreads (Deoptimize) done
Event: 0.697 Executing VM operation: HandshakeAllThreads (Deoptimize)
Event: 0.697 Executing VM operation: HandshakeAllThreads (Deoptimize) done
Event: 1.137 Executing VM operation: ICBufferFull
Event: 1.137 Executing VM operation: ICBufferFull done
Event: 1.184 Executing VM operation: ParallelGCFailedAllocation (Allocation Failure)
Event: 1.191 Executing VM operation: ParallelGCFailedAllocation (Allocation Failure) done
Event: 2.195 Executing VM operation: Cleanup
Event: 2.195 Executing VM operation: Cleanup done

Memory protections (0 events):
No events

Nmethod flushes (0 events):
No events

Events (15 events):
Event: 0.036 Thread 0x000001cde395a730 Thread added: 0x000001cde395a730
Event: 0.060 Thread 0x000001cde395a730 Thread added: 0x000001cde5eccd30
Event: 0.060 Thread 0x000001cde395a730 Thread added: 0x000001cde5fc3400
Event: 0.060 Thread 0x000001cde395a730 Thread added: 0x000001cde5fc58a0
Event: 0.060 Thread 0x000001cde395a730 Thread added: 0x000001cde5fc8670
Event: 0.060 Thread 0x000001cde395a730 Thread added: 0x000001cde5fc7ed0
Event: 0.061 Thread 0x000001cde395a730 Thread added: 0x000001cde5fd3150
Event: 0.061 Thread 0x000001cde395a730 Thread added: 0x000001cde5fd9340
Event: 0.062 Thread 0x000001cde395a730 Thread added: 0x000001cde5fda940
Event: 0.102 Thread 0x000001cde395a730 Thread added: 0x000001cdfdd1b390
Event: 0.291 Thread 0x000001cde5fda940 Thread added: 0x000001cdfdf8e2c0
Event: 0.457 Thread 0x000001cde395a730 Thread added: 0x000001cdfdf9c340
Event: 0.593 Thread 0x000001cde5fda940 Thread added: 0x000001cdfdffdb20
Event: 3.247 Thread 0x000001cdfdffdb20 Thread exited: 0x000001cdfdffdb20
Event: 3.247 Thread 0x000001cdfdf8e2c0 Thread exited: 0x000001cdfdf8e2c0


Dynamic libraries:
0x00007ff70cc90000 - 0x00007ff70cc9e000 	c:\Users\saura\.windsurf\extensions\redhat.java-1.46.0-win32-x64\jre\21.0.8-win32-x86_64\bin\java.exe
0x00007fff21400000 - 0x00007fff21668000 	C:\WINDOWS\SYSTEM32\ntdll.dll
0x00007fff20360000 - 0x00007fff20429000 	C:\WINDOWS\System32\KERNEL32.DLL
0x00007fff1e910000 - 0x00007fff1ed02000 	C:\WINDOWS\System32\KERNELBASE.dll
0x00007fff1e7c0000 - 0x00007fff1e90b000 	C:\WINDOWS\System32\ucrtbase.dll
0x00007ffed48a0000 - 0x00007ffed48be000 	c:\Users\saura\.windsurf\extensions\redhat.java-1.46.0-win32-x64\jre\21.0.8-win32-x86_64\bin\VCRUNTIME140.dll
0x00007ffed31a0000 - 0x00007ffed31b8000 	c:\Users\saura\.windsurf\extensions\redhat.java-1.46.0-win32-x64\jre\21.0.8-win32-x86_64\bin\jli.dll
0x00007fff20440000 - 0x00007fff20605000 	C:\WINDOWS\System32\USER32.dll
0x00007fff1ed10000 - 0x00007fff1ed37000 	C:\WINDOWS\System32\win32u.dll
0x00007fff05ac0000 - 0x00007fff05d53000 	C:\WINDOWS\WinSxS\amd64_microsoft.windows.common-controls_6595b64144ccf1df_6.0.26100.6899_none_3e0efeeae32e88c1\COMCTL32.dll
0x00007fff20650000 - 0x00007fff2067b000 	C:\WINDOWS\System32\GDI32.dll
0x00007fff1ff50000 - 0x00007fff1fff9000 	C:\WINDOWS\System32\msvcrt.dll
0x00007fff1ed40000 - 0x00007fff1ee6d000 	C:\WINDOWS\System32\gdi32full.dll
0x00007fff1ee70000 - 0x00007fff1ef13000 	C:\WINDOWS\System32\msvcp_win.dll
0x00007fff20610000 - 0x00007fff2063f000 	C:\WINDOWS\System32\IMM32.DLL
0x00007fff17870000 - 0x00007fff1787c000 	c:\Users\saura\.windsurf\extensions\redhat.java-1.46.0-win32-x64\jre\21.0.8-win32-x86_64\bin\vcruntime140_1.dll
0x00007ffec0f20000 - 0x00007ffec0fad000 	c:\Users\saura\.windsurf\extensions\redhat.java-1.46.0-win32-x64\jre\21.0.8-win32-x86_64\bin\msvcp140.dll
0x00007ffe60410000 - 0x00007ffe611a7000 	c:\Users\saura\.windsurf\extensions\redhat.java-1.46.0-win32-x64\jre\21.0.8-win32-x86_64\bin\server\jvm.dll
0x00007fff21300000 - 0x00007fff213b4000 	C:\WINDOWS\System32\ADVAPI32.dll
0x00007fff1f860000 - 0x00007fff1f906000 	C:\WINDOWS\System32\sechost.dll
0x00007fff1fa60000 - 0x00007fff1fb78000 	C:\WINDOWS\System32\RPCRT4.dll
0x00007fff20000000 - 0x00007fff20074000 	C:\WINDOWS\System32\WS2_32.dll
0x00007fff1e3f0000 - 0x00007fff1e44e000 	C:\WINDOWS\SYSTEM32\POWRPROF.dll
0x00007fff16610000 - 0x00007fff16645000 	C:\WINDOWS\SYSTEM32\WINMM.dll
0x00007fff16650000 - 0x00007fff1665b000 	C:\WINDOWS\SYSTEM32\VERSION.dll
0x00007fff1e3d0000 - 0x00007fff1e3e4000 	C:\WINDOWS\SYSTEM32\UMPDC.dll
0x00007fff1d360000 - 0x00007fff1d37b000 	C:\WINDOWS\SYSTEM32\kernel.appcore.dll
0x00007fff17790000 - 0x00007fff1779a000 	c:\Users\saura\.windsurf\extensions\redhat.java-1.46.0-win32-x64\jre\21.0.8-win32-x86_64\bin\jimage.dll
0x00007fff11080000 - 0x00007fff112c2000 	C:\WINDOWS\SYSTEM32\DBGHELP.DLL
0x00007fff20f80000 - 0x00007fff212fb000 	C:\WINDOWS\System32\combase.dll
0x00007fff20080000 - 0x00007fff20157000 	C:\WINDOWS\System32\OLEAUT32.dll
0x00007fff02570000 - 0x00007fff025ac000 	C:\WINDOWS\SYSTEM32\dbgcore.DLL
0x00007fff1efb0000 - 0x00007fff1f048000 	C:\WINDOWS\System32\bcryptPrimitives.dll
0x00007fff0f350000 - 0x00007fff0f35f000 	c:\Users\saura\.windsurf\extensions\redhat.java-1.46.0-win32-x64\jre\21.0.8-win32-x86_64\bin\instrument.dll
0x00007ffed3140000 - 0x00007ffed315f000 	c:\Users\saura\.windsurf\extensions\redhat.java-1.46.0-win32-x64\jre\21.0.8-win32-x86_64\bin\java.dll
0x00007fff20810000 - 0x00007fff20f5d000 	C:\WINDOWS\System32\SHELL32.dll
0x00007fff1e650000 - 0x00007fff1e7bb000 	C:\WINDOWS\System32\wintypes.dll
0x00007fff1c1e0000 - 0x00007fff1ca3d000 	C:\WINDOWS\SYSTEM32\windows.storage.dll
0x00007fff1f6d0000 - 0x00007fff1f7c2000 	C:\WINDOWS\System32\SHCORE.dll
0x00007fff1f660000 - 0x00007fff1f6c2000 	C:\WINDOWS\System32\shlwapi.dll
0x00007fff1e4b0000 - 0x00007fff1e4d9000 	C:\WINDOWS\SYSTEM32\profapi.dll
0x00007fff0c4e0000 - 0x00007fff0c4f8000 	c:\Users\saura\.windsurf\extensions\redhat.java-1.46.0-win32-x64\jre\21.0.8-win32-x86_64\bin\zip.dll
0x00007fff0c4d0000 - 0x00007fff0c4e0000 	C:\Users\saura\.windsurf\extensions\redhat.java-1.46.0-win32-x64\jre\21.0.8-win32-x86_64\bin\net.dll
0x00007fff164c0000 - 0x00007fff165df000 	C:\WINDOWS\SYSTEM32\WINHTTP.dll
0x00007fff1d8d0000 - 0x00007fff1d93b000 	C:\WINDOWS\system32\mswsock.dll
0x00007ffed31d0000 - 0x00007ffed31e6000 	C:\Users\saura\.windsurf\extensions\redhat.java-1.46.0-win32-x64\jre\21.0.8-win32-x86_64\bin\nio.dll
0x00007ffeea100000 - 0x00007ffeea110000 	c:\Users\saura\.windsurf\extensions\redhat.java-1.46.0-win32-x64\jre\21.0.8-win32-x86_64\bin\verify.dll

JVMTI agents:
c:\Users\saura\.windsurf\extensions\redhat.java-1.46.0-win32-x64\lombok\lombok-1.18.39-4050.jar path:c:\Users\saura\.windsurf\extensions\redhat.java-1.46.0-win32-x64\jre\21.0.8-win32-x86_64\bin\instrument.dll, loaded, initialized, instrumentlib options:none

dbghelp: loaded successfully - version: 4.0.5 - missing functions: none
symbol engine: initialized successfully - sym options: 0x614 - pdb path: .;c:\Users\saura\.windsurf\extensions\redhat.java-1.46.0-win32-x64\jre\21.0.8-win32-x86_64\bin;C:\WINDOWS\SYSTEM32;C:\WINDOWS\WinSxS\amd64_microsoft.windows.common-controls_6595b64144ccf1df_6.0.26100.6899_none_3e0efeeae32e88c1;c:\Users\saura\.windsurf\extensions\redhat.java-1.46.0-win32-x64\jre\21.0.8-win32-x86_64\bin\server

VM Arguments:
jvm_args: --add-modules=ALL-SYSTEM --add-opens=java.base/java.util=ALL-UNNAMED --add-opens=java.base/java.lang=ALL-UNNAMED --add-opens=java.base/sun.nio.fs=ALL-UNNAMED -Declipse.application=org.eclipse.jdt.ls.core.id1 -Dosgi.bundles.defaultStartLevel=4 -Declipse.product=org.eclipse.jdt.ls.core.product -Djava.import.generatesMetadataFilesAtProjectRoot=false -DDetectVMInstallationsJob.disabled=true -Dfile.encoding=utf8 -XX:+UseParallelGC -XX:GCTimeRatio=4 -XX:AdaptiveSizePolicyWeight=90 -Dsun.zip.disableMemoryMapping=true -Xmx2G -Xms100m -Xlog:disable -javaagent:c:\Users\saura\.windsurf\extensions\redhat.java-1.46.0-win32-x64\lombok\lombok-1.18.39-4050.jar -XX:+HeapDumpOnOutOfMemoryError -XX:HeapDumpPath=c:\Users\saura\AppData\Roaming\Windsurf\User\workspaceStorage\36f0117d754219c8c521f07f386cd919\redhat.java -Daether.dependencyCollector.impl=bf 
java_command: c:\Users\saura\.windsurf\extensions\redhat.java-1.46.0-win32-x64\server\plugins\org.eclipse.equinox.launcher_1.7.0.v20250519-0528.jar -configuration c:\Users\saura\AppData\Roaming\Windsurf\User\globalStorage\redhat.java\1.46.0\config_win -data c:\Users\saura\AppData\Roaming\Windsurf\User\workspaceStorage\36f0117d754219c8c521f07f386cd919\redhat.java\jdt_ws --pipe=\\.\pipe\lsp-09ed1728d120e3ab47f458bf03da49d6-sock
java_class_path (initial): c:\Users\saura\.windsurf\extensions\redhat.java-1.46.0-win32-x64\server\plugins\org.eclipse.equinox.launcher_1.7.0.v20250519-0528.jar
Launcher Type: SUN_STANDARD

[Global flags]
    uintx AdaptiveSizePolicyWeight                 = 90                                        {product} {command line}
     intx CICompilerCount                          = 4                                         {product} {ergonomic}
    uintx GCTimeRatio                              = 4                                         {product} {command line}
     bool HeapDumpOnOutOfMemoryError               = true                                   {manageable} {command line}
    ccstr HeapDumpPath                             = c:\Users\saura\AppData\Roaming\Windsurf\User\workspaceStorage\36f0117d754219c8c521f07f386cd919\redhat.java         {manageable} {command line}
   size_t InitialHeapSize                          = 104857600                                 {product} {command line}
   size_t MaxHeapSize                              = 2147483648                                {product} {command line}
   size_t MaxNewSize                               = 715653120                                 {product} {ergonomic}
   size_t MinHeapDeltaBytes                        = 524288                                    {product} {ergonomic}
   size_t MinHeapSize                              = 104857600                                 {product} {command line}
   size_t NewSize                                  = 34603008                                  {product} {ergonomic}
    uintx NonNMethodCodeHeapSize                   = 5839372                                {pd product} {ergonomic}
    uintx NonProfiledCodeHeapSize                  = 122909434                              {pd product} {ergonomic}
   size_t OldSize                                  = 70254592                                  {product} {ergonomic}
    uintx ProfiledCodeHeapSize                     = 122909434                              {pd product} {ergonomic}
    uintx ReservedCodeCacheSize                    = 251658240                              {pd product} {ergonomic}
     bool SegmentedCodeCache                       = true                                      {product} {ergonomic}
   size_t SoftMaxHeapSize                          = 2147483648                             {manageable} {ergonomic}
     bool UseCompressedOops                        = true                           {product lp64_product} {ergonomic}
     bool UseLargePagesIndividualAllocation        = false                                  {pd product} {ergonomic}
     bool UseParallelGC                            = true                                      {product} {command line}

Logging:
Log output configuration:
 #0: stdout all=off uptime,level,tags foldmultilines=false
 #1: stderr all=off uptime,level,tags foldmultilines=false

Environment Variables:
PATH=C:\Python313\Scripts\;C:\Python313\;C:\oraclexe\app\oracle\product\11.2.0\server\bin;C:\Program Files\Common Files\Oracle\Java\javapath;C:\WINDOWS\system32;C:\WINDOWS;C:\WINDOWS\System32\Wbem;C:\WINDOWS\System32\WindowsPowerShell\v1.0\;C:\WINDOWS\System32\OpenSSH\;C:\MinGW\bin;C:\Program Files\Java\jdk-20\bin;C:\Program Files\Docker\Docker\resources\bin;C:\Program Files (x86)\Microsoft SQL Server\160\Tools\Binn\;C:\Program Files\Microsoft SQL Server\160\Tools\Binn\;C:\Program Files\Microsoft SQL Server\Client SDK\ODBC\170\Tools\Binn\;C:\Program Files\Microsoft SQL Server\160\DTS\Binn\;C:\ProgramData\chocolatey\bin;C:\Program Files\nodejs\;C:\Users\saura\Downloads\apache-maven-3.9.11-bin\apache-maven-3.9.11\bin;C:\Program Files\apache-maven-3.9.11\bin;C:\Program Files\Git\cmd;C:\PWJarvis;C:\Program Files\MySQL\MySQL Shell 8.0\bin\;C:\Users\saura\AppData\Local\Programs\Python\Python311\Scripts\;C:\Users\saura\AppData\Local\Programs\Python\Python311\;C:\Users\saura\AppData\Local\Microsoft\WindowsApps;;C:\Users\saura\AppData\Local\Programs\Microsoft VS Code\bin;C:\Program Files\JetBrains\IntelliJ IDEA Community Edition 2023.3\bin;;C:\Program Files\JetBrains\PyCharm Community Edition 2024.2\bin;C:\Users\saura\AppData\Roaming\npm;C:\Users\saura\AppData\Local\Programs\cursor\resources\app\bin;C:\Users\saura\AppData\Local\Programs\Windsurf\bin
USERNAME=saura
OS=Windows_NT
PROCESSOR_IDENTIFIER=AMD64 Family 23 Model 104 Stepping 1, AuthenticAMD
TMP=C:\Users\saura\AppData\Local\Temp
TEMP=C:\Users\saura\AppData\Local\Temp




Periodic native trim disabled

---------------  S Y S T E M  ---------------

OS:
 Windows 11 , 64 bit Build 26100 (10.0.26100.6725)
OS uptime: 1 days 3:01 hours
Hyper-V role detected

CPU: total 12 (initial active 12) (12 cores per cpu, 2 threads per core) family 23 model 104 stepping 1 microcode 0x8608107, cx8, cmov, fxsr, ht, mmx, 3dnowpref, sse, sse2, sse3, ssse3, sse4a, sse4.1, sse4.2, popcnt, lzcnt, tsc, tscinvbit, avx, avx2, aes, clmul, bmi1, bmi2, adx, sha, fma, vzeroupper, clflush, clflushopt, hv, rdtscp, rdpid, f16c
Processor Information for the first 12 processors :
  Max Mhz: 2100, Current Mhz: 2100, Mhz Limit: 2100

Memory: 4k page, system-wide physical 15693M (1951M free)
TotalPageFile size 21837M (AvailPageFile size 265M)
current process WorkingSet (physical memory assigned to process): 86M, peak: 86M
current process commit charge ("private bytes"): 245M, peak: 245M

vm_info: OpenJDK 64-Bit Server VM (21.0.8+9-LTS) for windows-amd64 JRE (21.0.8+9-LTS), built on 2025-07-15T00:00:00Z by "admin" with MS VC++ 17.7 (VS2022)

END.
